{"numFailedTestSuites":0,"numFailedTests":0,"numPassedTestSuites":1,"numPassedTests":16,"numPendingTestSuites":0,"numPendingTests":0,"numRuntimeErrorTestSuites":0,"numTotalTestSuites":1,"numTotalTests":16,"snapshot":{"added":0,"didUpdate":false,"failure":false,"filesAdded":0,"filesRemoved":0,"filesUnmatched":0,"filesUpdated":0,"matched":0,"total":0,"unchecked":0,"unmatched":0,"updated":0},"startTime":1510308569210,"success":true,"testResults":[{"assertionResults":[{"ancestorTitles":["Classic case: "],"failureMessages":[],"fullName":"Classic case:  render the page buttons","status":"passed","title":"render the page buttons"},{"ancestorTitles":["Classic case: "],"failureMessages":[],"fullName":"Classic case:  render current page button with the good className","status":"passed","title":"render current page button with the good className"},{"ancestorTitles":["Classic case: "],"failureMessages":[],"fullName":"Classic case:  render ellispsis","status":"passed","title":"render ellispsis"},{"ancestorTitles":["onClick event: "],"failureMessages":[],"fullName":"onClick event:  clicking on page buttons","status":"passed","title":"clicking on page buttons"},{"ancestorTitles":["onClick event: "],"failureMessages":[],"fullName":"onClick event:  clicking left arrow","status":"passed","title":"clicking left arrow"},{"ancestorTitles":["onClick event: "],"failureMessages":[],"fullName":"onClick event:  clicking right arrow","status":"passed","title":"clicking right arrow"},{"ancestorTitles":["Buttons edge cases: "],"failureMessages":[],"fullName":"Buttons edge cases:  render nothing if max === 0","status":"passed","title":"render nothing if max === 0"},{"ancestorTitles":["Buttons edge cases: "],"failureMessages":[],"fullName":"Buttons edge cases:  render nothing if max < 0","status":"passed","title":"render nothing if max < 0"},{"ancestorTitles":["Buttons edge cases: "],"failureMessages":[],"fullName":"Buttons edge cases:  render current page 1 if current === 0","status":"passed","title":"render current page 1 if current === 0"},{"ancestorTitles":["Buttons edge cases: "],"failureMessages":[],"fullName":"Buttons edge cases:  render current page 1 if current < 0","status":"passed","title":"render current page 1 if current < 0"},{"ancestorTitles":["Buttons edge cases: "],"failureMessages":[],"fullName":"Buttons edge cases:  render current page as max if current < max","status":"passed","title":"render current page as max if current < max"},{"ancestorTitles":["Ellipsis edge cases: "],"failureMessages":[],"fullName":"Ellipsis edge cases:  0: < [1] 2 3 >","status":"passed","title":"0: < [1] 2 3 >"},{"ancestorTitles":["Ellipsis edge cases: "],"failureMessages":[],"fullName":"Ellipsis edge cases:  0: < 1 2 [3] 4 5 >","status":"passed","title":"0: < 1 2 [3] 4 5 >"},{"ancestorTitles":["Arrows disabled state: "],"failureMessages":[],"fullName":"Arrows disabled state:  render arrows not disabled if 1 < current < max","status":"passed","title":"render arrows not disabled if 1 < current < max"},{"ancestorTitles":["Arrows disabled state: "],"failureMessages":[],"fullName":"Arrows disabled state:  first disabled if current === 1","status":"passed","title":"first disabled if current === 1"},{"ancestorTitles":["Arrows disabled state: "],"failureMessages":[],"fullName":"Arrows disabled state:  last disabled if current === max","status":"passed","title":"last disabled if current === max"}],"endTime":1510308569592,"message":"","name":"/Users/renaudtertrais/beqom/pretty-ui/src/components/Pagination/__tests__/Pagination.test.js","startTime":1510308569235,"status":"passed","summary":""}],"wasInterrupted":false,"coverageMap":{"/Users/renaudtertrais/beqom/pretty-ui/src/components/Pagination/Pagination.js":{"path":"/Users/renaudtertrais/beqom/pretty-ui/src/components/Pagination/Pagination.js","statementMap":{"0":{"start":{"line":11,"column":25},"end":{"line":26,"column":4}},"1":{"start":{"line":12,"column":2},"end":{"line":26,"column":4}},"2":{"start":{"line":13,"column":4},"end":{"line":19,"column":5}},"3":{"start":{"line":14,"column":6},"end":{"line":18,"column":8}},"4":{"start":{"line":21,"column":4},"end":{"line":25,"column":6}},"5":{"start":{"line":22,"column":76},"end":{"line":22,"column":89}},"6":{"start":{"line":28,"column":23},"end":{"line":29,"column":73}},"7":{"start":{"line":29,"column":2},"end":{"line":29,"column":73}},"8":{"start":{"line":31,"column":19},"end":{"line":70,"column":1}},"9":{"start":{"line":32,"column":19},"end":{"line":32,"column":35}},"10":{"start":{"line":33,"column":23},"end":{"line":33,"column":58}},"11":{"start":{"line":34,"column":2},"end":{"line":34,"column":33}},"12":{"start":{"line":34,"column":21},"end":{"line":34,"column":33}},"13":{"start":{"line":36,"column":16},"end":{"line":36,"column":33}},"14":{"start":{"line":38,"column":20},"end":{"line":38,"column":37}},"15":{"start":{"line":39,"column":22},"end":{"line":39,"column":67}},"16":{"start":{"line":40,"column":23},"end":{"line":43,"column":3}},"17":{"start":{"line":44,"column":21},"end":{"line":44,"column":88}},"18":{"start":{"line":45,"column":19},"end":{"line":45,"column":43}},"19":{"start":{"line":47,"column":2},"end":{"line":69,"column":4}},"20":{"start":{"line":51,"column":23},"end":{"line":51,"column":48}},"21":{"start":{"line":63,"column":23},"end":{"line":63,"column":48}},"22":{"start":{"line":72,"column":0},"end":{"line":72,"column":38}},"23":{"start":{"line":74,"column":0},"end":{"line":74,"column":29}},"24":{"start":{"line":76,"column":0},"end":{"line":85,"column":2}}},"fnMap":{"0":{"name":"(anonymous_0)","decl":{"start":{"line":11,"column":25},"end":{"line":11,"column":26}},"loc":{"start":{"line":12,"column":2},"end":{"line":26,"column":4}},"line":12},"1":{"name":"(anonymous_1)","decl":{"start":{"line":12,"column":12},"end":{"line":12,"column":13}},"loc":{"start":{"line":12,"column":20},"end":{"line":26,"column":3}},"line":12},"2":{"name":"(anonymous_2)","decl":{"start":{"line":22,"column":70},"end":{"line":22,"column":71}},"loc":{"start":{"line":22,"column":76},"end":{"line":22,"column":89}},"line":22},"3":{"name":"(anonymous_3)","decl":{"start":{"line":28,"column":23},"end":{"line":28,"column":24}},"loc":{"start":{"line":29,"column":2},"end":{"line":29,"column":73}},"line":29},"4":{"name":"(anonymous_4)","decl":{"start":{"line":31,"column":19},"end":{"line":31,"column":20}},"loc":{"start":{"line":31,"column":61},"end":{"line":70,"column":1}},"line":31},"5":{"name":"(anonymous_5)","decl":{"start":{"line":51,"column":17},"end":{"line":51,"column":18}},"loc":{"start":{"line":51,"column":23},"end":{"line":51,"column":48}},"line":51},"6":{"name":"(anonymous_6)","decl":{"start":{"line":63,"column":17},"end":{"line":63,"column":18}},"loc":{"start":{"line":63,"column":23},"end":{"line":63,"column":48}},"line":63}},"branchMap":{"0":{"loc":{"start":{"line":13,"column":4},"end":{"line":19,"column":5}},"type":"if","locations":[{"start":{"line":13,"column":4},"end":{"line":19,"column":5}},{"start":{"line":13,"column":4},"end":{"line":19,"column":5}}],"line":13},"1":{"loc":{"start":{"line":29,"column":2},"end":{"line":29,"column":73}},"type":"cond-expr","locations":[{"start":{"line":29,"column":17},"end":{"line":29,"column":66}},{"start":{"line":29,"column":69},"end":{"line":29,"column":73}}],"line":29},"2":{"loc":{"start":{"line":34,"column":2},"end":{"line":34,"column":33}},"type":"if","locations":[{"start":{"line":34,"column":2},"end":{"line":34,"column":33}},{"start":{"line":34,"column":2},"end":{"line":34,"column":33}}],"line":34}},"s":{"0":1,"1":42,"2":58,"3":14,"4":44,"5":1,"6":1,"7":28,"8":1,"9":16,"10":16,"11":16,"12":2,"13":14,"14":14,"15":14,"16":14,"17":14,"18":14,"19":14,"20":1,"21":1,"22":1,"23":1,"24":1},"f":{"0":42,"1":58,"2":1,"3":28,"4":16,"5":1,"6":1},"b":{"0":[14,44],"1":[19,9],"2":[2,14]},"_coverageSchema":"332fd63041d2c1bcb487cc26dd0d5f7d97098a6c","hash":"e726065b0a7dad99a54bd8a861ceb68a972d36bc"},"/Users/renaudtertrais/beqom/pretty-ui/src/components/Icons/ChervronLeft.js":{"path":"/Users/renaudtertrais/beqom/pretty-ui/src/components/Icons/ChervronLeft.js","statementMap":{"0":{"start":{"line":4,"column":20},"end":{"line":14,"column":1}},"1":{"start":{"line":5,"column":2},"end":{"line":13,"column":8}},"2":{"start":{"line":17,"column":0},"end":{"line":17,"column":40}},"3":{"start":{"line":19,"column":0},"end":{"line":22,"column":2}},"4":{"start":{"line":24,"column":0},"end":{"line":27,"column":2}}},"fnMap":{"0":{"name":"(anonymous_0)","decl":{"start":{"line":4,"column":20},"end":{"line":4,"column":21}},"loc":{"start":{"line":5,"column":2},"end":{"line":13,"column":8}},"line":5}},"branchMap":{},"s":{"0":1,"1":0,"2":1,"3":1,"4":1},"f":{"0":0},"b":{},"_coverageSchema":"332fd63041d2c1bcb487cc26dd0d5f7d97098a6c","hash":"077c3797b3c97f5d031c5cabaaf2f99dcb41ef00"},"/Users/renaudtertrais/beqom/pretty-ui/src/components/Icons/ChervronRight.js":{"path":"/Users/renaudtertrais/beqom/pretty-ui/src/components/Icons/ChervronRight.js","statementMap":{"0":{"start":{"line":4,"column":21},"end":{"line":14,"column":1}},"1":{"start":{"line":5,"column":2},"end":{"line":13,"column":8}},"2":{"start":{"line":17,"column":0},"end":{"line":17,"column":42}},"3":{"start":{"line":19,"column":0},"end":{"line":22,"column":2}},"4":{"start":{"line":24,"column":0},"end":{"line":27,"column":2}}},"fnMap":{"0":{"name":"(anonymous_0)","decl":{"start":{"line":4,"column":21},"end":{"line":4,"column":22}},"loc":{"start":{"line":5,"column":2},"end":{"line":13,"column":8}},"line":5}},"branchMap":{},"s":{"0":1,"1":0,"2":1,"3":1,"4":1},"f":{"0":0},"b":{},"_coverageSchema":"332fd63041d2c1bcb487cc26dd0d5f7d97098a6c","hash":"a2bb8a9ad7d92b41c3717aa2b8030bfcddff2aee"},"/Users/renaudtertrais/beqom/pretty-ui/src/components/Icons/ChervronDown.js":{"path":"/Users/renaudtertrais/beqom/pretty-ui/src/components/Icons/ChervronDown.js","statementMap":{"0":{"start":{"line":1,"column":13},"end":{"line":1,"column":75}},"1":{"start":{"line":1,"column":88},"end":{"line":1,"column":104}},"2":{"start":{"line":1,"column":119},"end":{"line":1,"column":149}},"3":{"start":{"line":2,"column":17},"end":{"line":2,"column":38}},"4":{"start":{"line":2,"column":57},"end":{"line":2,"column":91}},"5":{"start":{"line":2,"column":130},"end":{"line":2,"column":184}},"6":{"start":{"line":4,"column":18},"end":{"line":12,"column":141}},"7":{"start":{"line":4,"column":57},"end":{"line":4,"column":66}},"8":{"start":{"line":4,"column":75},"end":{"line":4,"column":85}},"9":{"start":{"line":4,"column":86},"end":{"line":12,"column":140}},"10":{"start":{"line":17,"column":0},"end":{"line":17,"column":40}},"11":{"start":{"line":19,"column":0},"end":{"line":21,"column":26}},"12":{"start":{"line":24,"column":0},"end":{"line":26,"column":38}},"13":{"start":{"line":26,"column":38},"end":{"line":29,"column":12}}},"fnMap":{"0":{"name":"_interopRequireDefault","decl":{"start":{"line":2,"column":101},"end":{"line":2,"column":123}},"loc":{"start":{"line":2,"column":129},"end":{"line":2,"column":185}},"line":2},"1":{"name":"ChevronDown","decl":{"start":{"line":4,"column":27},"end":{"line":4,"column":38}},"loc":{"start":{"line":4,"column":45},"end":{"line":12,"column":141}},"line":4}},"branchMap":{"0":{"loc":{"start":{"line":2,"column":137},"end":{"line":2,"column":183}},"type":"cond-expr","locations":[{"start":{"line":2,"column":161},"end":{"line":2,"column":164}},{"start":{"line":2,"column":167},"end":{"line":2,"column":183}}],"line":2},"1":{"loc":{"start":{"line":2,"column":137},"end":{"line":2,"column":158}},"type":"binary-expr","locations":[{"start":{"line":2,"column":137},"end":{"line":2,"column":140}},{"start":{"line":2,"column":144},"end":{"line":2,"column":158}}],"line":2}},"s":{"0":0,"1":0,"2":0,"3":0,"4":0,"5":0,"6":0,"7":0,"8":0,"9":0,"10":0,"11":0,"12":0,"13":0},"f":{"0":0,"1":0},"b":{"0":[0,0],"1":[0,0]}},"/Users/renaudtertrais/beqom/pretty-ui/src/components/Button/Button.js":{"path":"/Users/renaudtertrais/beqom/pretty-ui/src/components/Button/Button.js","statementMap":{"0":{"start":{"line":1,"column":13},"end":{"line":1,"column":75}},"1":{"start":{"line":1,"column":88},"end":{"line":1,"column":104}},"2":{"start":{"line":1,"column":119},"end":{"line":1,"column":149}},"3":{"start":{"line":2,"column":18},"end":{"line":2,"column":39}},"4":{"start":{"line":2,"column":59},"end":{"line":2,"column":94}},"5":{"start":{"line":3,"column":17},"end":{"line":3,"column":38}},"6":{"start":{"line":3,"column":57},"end":{"line":3,"column":91}},"7":{"start":{"line":5,"column":0},"end":{"line":5,"column":25}},"8":{"start":{"line":5,"column":63},"end":{"line":5,"column":117}},"9":{"start":{"line":7,"column":13},"end":{"line":9,"column":18}},"10":{"start":{"line":7,"column":52},"end":{"line":7,"column":66}},"11":{"start":{"line":7,"column":78},"end":{"line":7,"column":91}},"12":{"start":{"line":7,"column":109},"end":{"line":7,"column":123}},"13":{"start":{"line":7,"column":136},"end":{"line":7,"column":186}},"14":{"start":{"line":7,"column":187},"end":{"line":9,"column":17}},"15":{"start":{"line":8,"column":132},"end":{"line":8,"column":154}},"16":{"start":{"line":13,"column":0},"end":{"line":13,"column":25}},"17":{"start":{"line":16,"column":0},"end":{"line":19,"column":41}},"18":{"start":{"line":19,"column":41},"end":{"line":22,"column":7}}},"fnMap":{"0":{"name":"_interopRequireDefault","decl":{"start":{"line":5,"column":34},"end":{"line":5,"column":56}},"loc":{"start":{"line":5,"column":62},"end":{"line":5,"column":118}},"line":5},"1":{"name":"Button","decl":{"start":{"line":7,"column":22},"end":{"line":7,"column":28}},"loc":{"start":{"line":7,"column":35},"end":{"line":9,"column":18}},"line":7},"2":{"name":"(anonymous_2)","decl":{"start":{"line":8,"column":118},"end":{"line":8,"column":119}},"loc":{"start":{"line":8,"column":131},"end":{"line":8,"column":155}},"line":8}},"branchMap":{"0":{"loc":{"start":{"line":5,"column":70},"end":{"line":5,"column":116}},"type":"cond-expr","locations":[{"start":{"line":5,"column":94},"end":{"line":5,"column":97}},{"start":{"line":5,"column":100},"end":{"line":5,"column":116}}],"line":5},"1":{"loc":{"start":{"line":5,"column":70},"end":{"line":5,"column":91}},"type":"binary-expr","locations":[{"start":{"line":5,"column":70},"end":{"line":5,"column":73}},{"start":{"line":5,"column":77},"end":{"line":5,"column":91}}],"line":5},"2":{"loc":{"start":{"line":7,"column":136},"end":{"line":7,"column":186}},"type":"cond-expr","locations":[{"start":{"line":7,"column":167},"end":{"line":7,"column":169}},{"start":{"line":7,"column":172},"end":{"line":7,"column":186}}],"line":7}},"s":{"0":0,"1":0,"2":0,"3":0,"4":0,"5":0,"6":0,"7":0,"8":0,"9":0,"10":0,"11":0,"12":0,"13":0,"14":0,"15":0,"16":0,"17":0,"18":0},"f":{"0":0,"1":0,"2":0},"b":{"0":[0,0],"1":[0,0],"2":[0,0]}},"/Users/renaudtertrais/beqom/pretty-ui/src/components/Icons/ChervronUp.js":{"path":"/Users/renaudtertrais/beqom/pretty-ui/src/components/Icons/ChervronUp.js","statementMap":{"0":{"start":{"line":1,"column":13},"end":{"line":1,"column":75}},"1":{"start":{"line":1,"column":88},"end":{"line":1,"column":104}},"2":{"start":{"line":1,"column":119},"end":{"line":1,"column":149}},"3":{"start":{"line":2,"column":17},"end":{"line":2,"column":38}},"4":{"start":{"line":2,"column":57},"end":{"line":2,"column":91}},"5":{"start":{"line":2,"column":130},"end":{"line":2,"column":184}},"6":{"start":{"line":4,"column":16},"end":{"line":12,"column":153}},"7":{"start":{"line":4,"column":53},"end":{"line":4,"column":62}},"8":{"start":{"line":4,"column":71},"end":{"line":4,"column":81}},"9":{"start":{"line":4,"column":82},"end":{"line":12,"column":152}},"10":{"start":{"line":17,"column":0},"end":{"line":17,"column":36}},"11":{"start":{"line":19,"column":0},"end":{"line":21,"column":26}},"12":{"start":{"line":24,"column":0},"end":{"line":26,"column":38}},"13":{"start":{"line":26,"column":38},"end":{"line":29,"column":10}}},"fnMap":{"0":{"name":"_interopRequireDefault","decl":{"start":{"line":2,"column":101},"end":{"line":2,"column":123}},"loc":{"start":{"line":2,"column":129},"end":{"line":2,"column":185}},"line":2},"1":{"name":"ChevronUp","decl":{"start":{"line":4,"column":25},"end":{"line":4,"column":34}},"loc":{"start":{"line":4,"column":41},"end":{"line":12,"column":153}},"line":4}},"branchMap":{"0":{"loc":{"start":{"line":2,"column":137},"end":{"line":2,"column":183}},"type":"cond-expr","locations":[{"start":{"line":2,"column":161},"end":{"line":2,"column":164}},{"start":{"line":2,"column":167},"end":{"line":2,"column":183}}],"line":2},"1":{"loc":{"start":{"line":2,"column":137},"end":{"line":2,"column":158}},"type":"binary-expr","locations":[{"start":{"line":2,"column":137},"end":{"line":2,"column":140}},{"start":{"line":2,"column":144},"end":{"line":2,"column":158}}],"line":2}},"s":{"0":0,"1":0,"2":0,"3":0,"4":0,"5":0,"6":0,"7":0,"8":0,"9":0,"10":0,"11":0,"12":0,"13":0},"f":{"0":0,"1":0},"b":{"0":[0,0],"1":[0,0]}},"/Users/renaudtertrais/beqom/pretty-ui/src/withTests.js":{"path":"/Users/renaudtertrais/beqom/pretty-ui/src/withTests.js","statementMap":{"0":{"start":{"line":1,"column":13},"end":{"line":1,"column":75}},"1":{"start":{"line":1,"column":98},"end":{"line":1,"column":135}},"2":{"start":{"line":1,"column":160},"end":{"line":1,"column":200}},"3":{"start":{"line":2,"column":26},"end":{"line":2,"column":57}},"4":{"start":{"line":2,"column":85},"end":{"line":2,"column":128}},"5":{"start":{"line":2,"column":167},"end":{"line":2,"column":221}},"6":{"start":{"line":2,"column":222},"end":{"line":5,"column":26}}},"fnMap":{"0":{"name":"_interopRequireDefault","decl":{"start":{"line":2,"column":138},"end":{"line":2,"column":160}},"loc":{"start":{"line":2,"column":166},"end":{"line":2,"column":222}},"line":2}},"branchMap":{"0":{"loc":{"start":{"line":2,"column":174},"end":{"line":2,"column":220}},"type":"cond-expr","locations":[{"start":{"line":2,"column":198},"end":{"line":2,"column":201}},{"start":{"line":2,"column":204},"end":{"line":2,"column":220}}],"line":2},"1":{"loc":{"start":{"line":2,"column":174},"end":{"line":2,"column":195}},"type":"binary-expr","locations":[{"start":{"line":2,"column":174},"end":{"line":2,"column":177}},{"start":{"line":2,"column":181},"end":{"line":2,"column":195}}],"line":2}},"s":{"0":0,"1":0,"2":0,"3":0,"4":0,"5":0,"6":0},"f":{"0":0},"b":{"0":[0,0],"1":[0,0]}},"/Users/renaudtertrais/beqom/pretty-ui/src/components/Input/Input.js":{"path":"/Users/renaudtertrais/beqom/pretty-ui/src/components/Input/Input.js","statementMap":{"0":{"start":{"line":1,"column":13},"end":{"line":1,"column":75}},"1":{"start":{"line":1,"column":90},"end":{"line":1,"column":321}},"2":{"start":{"line":1,"column":126},"end":{"line":1,"column":306}},"3":{"start":{"line":1,"column":183},"end":{"line":1,"column":195}},"4":{"start":{"line":1,"column":196},"end":{"line":1,"column":305}},"5":{"start":{"line":1,"column":221},"end":{"line":1,"column":304}},"6":{"start":{"line":1,"column":277},"end":{"line":1,"column":303}},"7":{"start":{"line":1,"column":306},"end":{"line":1,"column":320}},"8":{"start":{"line":1,"column":335},"end":{"line":1,"column":351}},"9":{"start":{"line":1,"column":366},"end":{"line":1,"column":396}},"10":{"start":{"line":2,"column":18},"end":{"line":2,"column":39}},"11":{"start":{"line":2,"column":59},"end":{"line":2,"column":94}},"12":{"start":{"line":3,"column":17},"end":{"line":3,"column":38}},"13":{"start":{"line":3,"column":57},"end":{"line":3,"column":91}},"14":{"start":{"line":4,"column":12},"end":{"line":4,"column":34}},"15":{"start":{"line":4,"column":48},"end":{"line":4,"column":77}},"16":{"start":{"line":6,"column":0},"end":{"line":6,"column":24}},"17":{"start":{"line":6,"column":62},"end":{"line":6,"column":116}},"18":{"start":{"line":8,"column":12},"end":{"line":17,"column":1}},"19":{"start":{"line":9,"column":14},"end":{"line":9,"column":29}},"20":{"start":{"line":9,"column":49},"end":{"line":9,"column":64}},"21":{"start":{"line":9,"column":77},"end":{"line":9,"column":131}},"22":{"start":{"line":10,"column":23},"end":{"line":10,"column":64}},"23":{"start":{"line":11,"column":2},"end":{"line":14,"column":121}},"24":{"start":{"line":14,"column":91},"end":{"line":14,"column":112}},"25":{"start":{"line":19,"column":0},"end":{"line":19,"column":28}},"26":{"start":{"line":21,"column":0},"end":{"line":22,"column":17}},"27":{"start":{"line":25,"column":0},"end":{"line":36,"column":41}},"28":{"start":{"line":36,"column":41},"end":{"line":39,"column":6}}},"fnMap":{"0":{"name":"(anonymous_0)","decl":{"start":{"line":1,"column":107},"end":{"line":1,"column":108}},"loc":{"start":{"line":1,"column":125},"end":{"line":1,"column":321}},"line":1},"1":{"name":"_interopRequireDefault","decl":{"start":{"line":6,"column":33},"end":{"line":6,"column":55}},"loc":{"start":{"line":6,"column":61},"end":{"line":6,"column":117}},"line":6},"2":{"name":"Input","decl":{"start":{"line":8,"column":21},"end":{"line":8,"column":26}},"loc":{"start":{"line":8,"column":34},"end":{"line":17,"column":1}},"line":8},"3":{"name":"(anonymous_3)","decl":{"start":{"line":14,"column":77},"end":{"line":14,"column":78}},"loc":{"start":{"line":14,"column":90},"end":{"line":14,"column":113}},"line":14}},"branchMap":{"0":{"loc":{"start":{"line":1,"column":90},"end":{"line":1,"column":321}},"type":"binary-expr","locations":[{"start":{"line":1,"column":90},"end":{"line":1,"column":103}},{"start":{"line":1,"column":107},"end":{"line":1,"column":321}}],"line":1},"1":{"loc":{"start":{"line":1,"column":221},"end":{"line":1,"column":304}},"type":"if","locations":[{"start":{"line":1,"column":221},"end":{"line":1,"column":304}},{"start":{"line":1,"column":221},"end":{"line":1,"column":304}}],"line":1},"2":{"loc":{"start":{"line":6,"column":69},"end":{"line":6,"column":115}},"type":"cond-expr","locations":[{"start":{"line":6,"column":93},"end":{"line":6,"column":96}},{"start":{"line":6,"column":99},"end":{"line":6,"column":115}}],"line":6},"3":{"loc":{"start":{"line":6,"column":69},"end":{"line":6,"column":90}},"type":"binary-expr","locations":[{"start":{"line":6,"column":69},"end":{"line":6,"column":72}},{"start":{"line":6,"column":76},"end":{"line":6,"column":90}}],"line":6},"4":{"loc":{"start":{"line":9,"column":77},"end":{"line":9,"column":131}},"type":"cond-expr","locations":[{"start":{"line":9,"column":110},"end":{"line":9,"column":112}},{"start":{"line":9,"column":115},"end":{"line":9,"column":131}}],"line":9}},"s":{"0":0,"1":0,"2":0,"3":0,"4":0,"5":0,"6":0,"7":0,"8":0,"9":0,"10":0,"11":0,"12":0,"13":0,"14":0,"15":0,"16":0,"17":0,"18":0,"19":0,"20":0,"21":0,"22":0,"23":0,"24":0,"25":0,"26":0,"27":0,"28":0},"f":{"0":0,"1":0,"2":0,"3":0},"b":{"0":[0,0],"1":[0,0],"2":[0,0],"3":[0,0],"4":[0,0]}}}}