{"numFailedTestSuites":0,"numFailedTests":0,"numPassedTestSuites":2,"numPassedTests":29,"numPendingTestSuites":0,"numPendingTests":0,"numRuntimeErrorTestSuites":0,"numTotalTestSuites":2,"numTotalTests":29,"snapshot":{"added":0,"didUpdate":false,"failure":false,"filesAdded":0,"filesRemoved":0,"filesUnmatched":0,"filesUpdated":0,"matched":0,"total":0,"unchecked":0,"unmatched":0,"updated":0},"startTime":1511969622478,"success":true,"testResults":[{"assertionResults":[{"ancestorTitles":["Classic case: "],"failureMessages":[],"fullName":"Classic case:  render the page buttons","status":"passed","title":"render the page buttons"},{"ancestorTitles":["Classic case: "],"failureMessages":[],"fullName":"Classic case:  render current page","status":"passed","title":"render current page"},{"ancestorTitles":["Classic case: "],"failureMessages":[],"fullName":"Classic case:  render ellispsis","status":"passed","title":"render ellispsis"},{"ancestorTitles":["onClick event: "],"failureMessages":[],"fullName":"onClick event:  clicking on page buttons","status":"passed","title":"clicking on page buttons"},{"ancestorTitles":["onClick event: "],"failureMessages":[],"fullName":"onClick event:  clicking left arrow","status":"passed","title":"clicking left arrow"},{"ancestorTitles":["onClick event: "],"failureMessages":[],"fullName":"onClick event:  clicking right arrow","status":"passed","title":"clicking right arrow"},{"ancestorTitles":["Buttons edge cases: "],"failureMessages":[],"fullName":"Buttons edge cases:  render nothing if max === 0","status":"passed","title":"render nothing if max === 0"},{"ancestorTitles":["Buttons edge cases: "],"failureMessages":[],"fullName":"Buttons edge cases:  render nothing if max < 0","status":"passed","title":"render nothing if max < 0"},{"ancestorTitles":["Buttons edge cases: "],"failureMessages":[],"fullName":"Buttons edge cases:  render current page 1 if current === 0","status":"passed","title":"render current page 1 if current === 0"},{"ancestorTitles":["Buttons edge cases: "],"failureMessages":[],"fullName":"Buttons edge cases:  render current page 1 if current < 0","status":"passed","title":"render current page 1 if current < 0"},{"ancestorTitles":["Buttons edge cases: "],"failureMessages":[],"fullName":"Buttons edge cases:  render current page as max if current < max","status":"passed","title":"render current page as max if current < max"},{"ancestorTitles":["Ellipsis edge cases: "],"failureMessages":[],"fullName":"Ellipsis edge cases:  0: < [1] 2 3 >","status":"passed","title":"0: < [1] 2 3 >"},{"ancestorTitles":["Ellipsis edge cases: "],"failureMessages":[],"fullName":"Ellipsis edge cases:  0: < 1 2 [3] 4 5 >","status":"passed","title":"0: < 1 2 [3] 4 5 >"},{"ancestorTitles":["Arrows disabled state: "],"failureMessages":[],"fullName":"Arrows disabled state:  render arrows not disabled if 1 < current < max","status":"passed","title":"render arrows not disabled if 1 < current < max"},{"ancestorTitles":["Arrows disabled state: "],"failureMessages":[],"fullName":"Arrows disabled state:  first disabled if current === 1","status":"passed","title":"first disabled if current === 1"},{"ancestorTitles":["Arrows disabled state: "],"failureMessages":[],"fullName":"Arrows disabled state:  last disabled if current === max","status":"passed","title":"last disabled if current === max"}],"endTime":1511969624499,"message":"","name":"/Users/renaudtertrais/beqom/alto-ui/src/Pagination/__tests__/Pagination.test.js","startTime":1511969623295,"status":"passed","summary":""},{"assertionResults":[{"ancestorTitles":["getTheme(...path)"],"failureMessages":[],"fullName":"getTheme(...path) should find a simple key value","status":"passed","title":"should find a simple key value"},{"ancestorTitles":["getTheme(...path)"],"failureMessages":[],"fullName":"getTheme(...path) should find a deep key value","status":"passed","title":"should find a deep key value"},{"ancestorTitles":["getTheme(...path)"],"failureMessages":[],"fullName":"getTheme(...path) should return undefined if the path does not exist","status":"passed","title":"should return undefined if the path does not exist"},{"ancestorTitles":["getColor(color, [shade])"],"failureMessages":[],"fullName":"getColor(color, [shade]) should find a color from palette","status":"passed","title":"should find a color from palette"},{"ancestorTitles":["getColor(color, [shade])"],"failureMessages":[],"fullName":"getColor(color, [shade]) should find a color from palette with shade","status":"passed","title":"should find a color from palette with shade"},{"ancestorTitles":["getColor(color, [shade])"],"failureMessages":[],"fullName":"getColor(color, [shade]) should find a color from colors","status":"passed","title":"should find a color from colors"},{"ancestorTitles":["getColor(color, [shade])"],"failureMessages":[],"fullName":"getColor(color, [shade]) should find a color from colors with shade","status":"passed","title":"should find a color from colors with shade"},{"ancestorTitles":["getColor(color, [shade])"],"failureMessages":[],"fullName":"getColor(color, [shade]) should be able to split color to find shade","status":"passed","title":"should be able to split color to find shade"},{"ancestorTitles":["fontSize(size)"],"failureMessages":[],"fullName":"fontSize(size) should return the corresponding fontSize","status":"passed","title":"should return the corresponding fontSize"},{"ancestorTitles":["fontSize(size)"],"failureMessages":[],"fullName":"fontSize(size) should return size name if no corresponding fontSize is found","status":"passed","title":"should return size name if no corresponding fontSize is found"},{"ancestorTitles":["respondBelow(breakpoint)"],"failureMessages":[],"fullName":"respondBelow(breakpoint) should return the good media query","status":"passed","title":"should return the good media query"},{"ancestorTitles":["respondAbove(breakpoint)"],"failureMessages":[],"fullName":"respondAbove(breakpoint) should return the good media query","status":"passed","title":"should return the good media query"},{"ancestorTitles":["respondBetween(breakpointMin, breakpointMax)"],"failureMessages":[],"fullName":"respondBetween(breakpointMin, breakpointMax) should return the good media query","status":"passed","title":"should return the good media query"}],"endTime":1511969624678,"message":"","name":"/Users/renaudtertrais/beqom/alto-ui/src/helpers/__tests__/theme.test.js","startTime":1511969624535,"status":"passed","summary":""}],"wasInterrupted":false,"coverageMap":{"/Users/renaudtertrais/beqom/alto-ui/src/Pagination/Pagination.js":{"path":"/Users/renaudtertrais/beqom/alto-ui/src/Pagination/Pagination.js","statementMap":{"0":{"start":{"line":11,"column":25},"end":{"line":15,"column":1}},"1":{"start":{"line":17,"column":26},"end":{"line":39,"column":1}},"2":{"start":{"line":41,"column":33},"end":{"line":47,"column":1}},"3":{"start":{"line":49,"column":31},"end":{"line":52,"column":1}},"4":{"start":{"line":54,"column":24},"end":{"line":60,"column":1}},"5":{"start":{"line":62,"column":25},"end":{"line":77,"column":4}},"6":{"start":{"line":63,"column":2},"end":{"line":77,"column":4}},"7":{"start":{"line":64,"column":4},"end":{"line":70,"column":5}},"8":{"start":{"line":65,"column":6},"end":{"line":69,"column":8}},"9":{"start":{"line":72,"column":4},"end":{"line":76,"column":6}},"10":{"start":{"line":73,"column":44},"end":{"line":73,"column":57}},"11":{"start":{"line":79,"column":19},"end":{"line":115,"column":1}},"12":{"start":{"line":80,"column":19},"end":{"line":80,"column":35}},"13":{"start":{"line":81,"column":23},"end":{"line":81,"column":58}},"14":{"start":{"line":82,"column":2},"end":{"line":82,"column":34}},"15":{"start":{"line":82,"column":22},"end":{"line":82,"column":34}},"16":{"start":{"line":84,"column":16},"end":{"line":84,"column":33}},"17":{"start":{"line":86,"column":20},"end":{"line":86,"column":37}},"18":{"start":{"line":87,"column":22},"end":{"line":87,"column":67}},"19":{"start":{"line":88,"column":23},"end":{"line":91,"column":3}},"20":{"start":{"line":92,"column":21},"end":{"line":92,"column":88}},"21":{"start":{"line":93,"column":19},"end":{"line":93,"column":43}},"22":{"start":{"line":95,"column":2},"end":{"line":114,"column":4}},"23":{"start":{"line":104,"column":38},"end":{"line":104,"column":63}},"24":{"start":{"line":108,"column":23},"end":{"line":108,"column":48}},"25":{"start":{"line":117,"column":0},"end":{"line":117,"column":38}},"26":{"start":{"line":119,"column":0},"end":{"line":121,"column":2}},"27":{"start":{"line":123,"column":0},"end":{"line":132,"column":2}}},"fnMap":{"0":{"name":"(anonymous_0)","decl":{"start":{"line":62,"column":25},"end":{"line":62,"column":26}},"loc":{"start":{"line":63,"column":2},"end":{"line":77,"column":4}},"line":63},"1":{"name":"(anonymous_1)","decl":{"start":{"line":63,"column":12},"end":{"line":63,"column":13}},"loc":{"start":{"line":63,"column":20},"end":{"line":77,"column":3}},"line":63},"2":{"name":"(anonymous_2)","decl":{"start":{"line":73,"column":38},"end":{"line":73,"column":39}},"loc":{"start":{"line":73,"column":44},"end":{"line":73,"column":57}},"line":73},"3":{"name":"(anonymous_3)","decl":{"start":{"line":79,"column":19},"end":{"line":79,"column":20}},"loc":{"start":{"line":79,"column":61},"end":{"line":115,"column":1}},"line":79},"4":{"name":"(anonymous_4)","decl":{"start":{"line":104,"column":32},"end":{"line":104,"column":33}},"loc":{"start":{"line":104,"column":38},"end":{"line":104,"column":63}},"line":104},"5":{"name":"(anonymous_5)","decl":{"start":{"line":108,"column":17},"end":{"line":108,"column":18}},"loc":{"start":{"line":108,"column":23},"end":{"line":108,"column":48}},"line":108}},"branchMap":{"0":{"loc":{"start":{"line":64,"column":4},"end":{"line":70,"column":5}},"type":"if","locations":[{"start":{"line":64,"column":4},"end":{"line":70,"column":5}},{"start":{"line":64,"column":4},"end":{"line":70,"column":5}}],"line":64},"1":{"loc":{"start":{"line":82,"column":2},"end":{"line":82,"column":34}},"type":"if","locations":[{"start":{"line":82,"column":2},"end":{"line":82,"column":34}},{"start":{"line":82,"column":2},"end":{"line":82,"column":34}}],"line":82},"2":{"loc":{"start":{"line":99,"column":7},"end":{"line":99,"column":43}},"type":"binary-expr","locations":[{"start":{"line":99,"column":7},"end":{"line":99,"column":27}},{"start":{"line":99,"column":31},"end":{"line":99,"column":43}}],"line":99},"3":{"loc":{"start":{"line":101,"column":7},"end":{"line":101,"column":42}},"type":"binary-expr","locations":[{"start":{"line":101,"column":7},"end":{"line":101,"column":26}},{"start":{"line":101,"column":30},"end":{"line":101,"column":42}}],"line":101}},"s":{"0":1,"1":1,"2":1,"3":1,"4":1,"5":1,"6":42,"7":58,"8":14,"9":44,"10":1,"11":1,"12":16,"13":16,"14":16,"15":2,"16":14,"17":14,"18":14,"19":14,"20":14,"21":14,"22":14,"23":1,"24":1,"25":1,"26":1,"27":1},"f":{"0":42,"1":58,"2":1,"3":16,"4":1,"5":1},"b":{"0":[14,44],"1":[2,14],"2":[14,9],"3":[14,10]},"_coverageSchema":"332fd63041d2c1bcb487cc26dd0d5f7d97098a6c","hash":"60382ba653432704c65edc6e900c16dca5a064c9"},"/Users/renaudtertrais/beqom/alto-ui/src/Button/Button.js":{"path":"/Users/renaudtertrais/beqom/alto-ui/src/Button/Button.js","statementMap":{"0":{"start":{"line":6,"column":17},"end":{"line":7,"column":57}},"1":{"start":{"line":6,"column":28},"end":{"line":7,"column":57}},"2":{"start":{"line":6,"column":35},"end":{"line":7,"column":57}},"3":{"start":{"line":7,"column":2},"end":{"line":7,"column":57}},"4":{"start":{"line":7,"column":24},"end":{"line":7,"column":39}},"5":{"start":{"line":9,"column":19},"end":{"line":14,"column":1}},"6":{"start":{"line":10,"column":2},"end":{"line":10,"column":58}},"7":{"start":{"line":10,"column":21},"end":{"line":10,"column":58}},"8":{"start":{"line":11,"column":2},"end":{"line":11,"column":54}},"9":{"start":{"line":11,"column":19},"end":{"line":11,"column":54}},"10":{"start":{"line":12,"column":2},"end":{"line":12,"column":58}},"11":{"start":{"line":12,"column":21},"end":{"line":12,"column":58}},"12":{"start":{"line":13,"column":2},"end":{"line":13,"column":39}},"13":{"start":{"line":16,"column":27},"end":{"line":22,"column":1}},"14":{"start":{"line":24,"column":27},"end":{"line":49,"column":1}},"15":{"start":{"line":24,"column":78},"end":{"line":49,"column":1}},"16":{"start":{"line":51,"column":29},"end":{"line":75,"column":1}},"17":{"start":{"line":51,"column":59},"end":{"line":75,"column":1}},"18":{"start":{"line":77,"column":26},"end":{"line":106,"column":1}},"19":{"start":{"line":77,"column":56},"end":{"line":106,"column":1}},"20":{"start":{"line":108,"column":15},"end":{"line":164,"column":1}},"21":{"start":{"line":166,"column":0},"end":{"line":166,"column":30}},"22":{"start":{"line":168,"column":0},"end":{"line":168,"column":25}},"23":{"start":{"line":170,"column":0},"end":{"line":174,"column":2}}},"fnMap":{"0":{"name":"(anonymous_0)","decl":{"start":{"line":6,"column":17},"end":{"line":6,"column":18}},"loc":{"start":{"line":6,"column":28},"end":{"line":7,"column":57}},"line":6},"1":{"name":"(anonymous_1)","decl":{"start":{"line":6,"column":28},"end":{"line":6,"column":29}},"loc":{"start":{"line":6,"column":35},"end":{"line":7,"column":57}},"line":6},"2":{"name":"(anonymous_2)","decl":{"start":{"line":6,"column":35},"end":{"line":6,"column":36}},"loc":{"start":{"line":7,"column":2},"end":{"line":7,"column":57}},"line":7},"3":{"name":"(anonymous_3)","decl":{"start":{"line":7,"column":12},"end":{"line":7,"column":13}},"loc":{"start":{"line":7,"column":24},"end":{"line":7,"column":39}},"line":7},"4":{"name":"(anonymous_4)","decl":{"start":{"line":9,"column":19},"end":{"line":9,"column":20}},"loc":{"start":{"line":9,"column":28},"end":{"line":14,"column":1}},"line":9},"5":{"name":"(anonymous_5)","decl":{"start":{"line":24,"column":27},"end":{"line":24,"column":28}},"loc":{"start":{"line":24,"column":78},"end":{"line":49,"column":1}},"line":24},"6":{"name":"(anonymous_6)","decl":{"start":{"line":51,"column":29},"end":{"line":51,"column":30}},"loc":{"start":{"line":51,"column":59},"end":{"line":75,"column":1}},"line":51},"7":{"name":"(anonymous_7)","decl":{"start":{"line":77,"column":26},"end":{"line":77,"column":27}},"loc":{"start":{"line":77,"column":56},"end":{"line":106,"column":1}},"line":77}},"branchMap":{"0":{"loc":{"start":{"line":7,"column":2},"end":{"line":7,"column":57}},"type":"cond-expr","locations":[{"start":{"line":7,"column":49},"end":{"line":7,"column":52}},{"start":{"line":7,"column":55},"end":{"line":7,"column":57}}],"line":7},"1":{"loc":{"start":{"line":7,"column":24},"end":{"line":7,"column":39}},"type":"binary-expr","locations":[{"start":{"line":7,"column":24},"end":{"line":7,"column":27}},{"start":{"line":7,"column":31},"end":{"line":7,"column":39}}],"line":7},"2":{"loc":{"start":{"line":10,"column":2},"end":{"line":10,"column":58}},"type":"if","locations":[{"start":{"line":10,"column":2},"end":{"line":10,"column":58}},{"start":{"line":10,"column":2},"end":{"line":10,"column":58}}],"line":10},"3":{"loc":{"start":{"line":11,"column":2},"end":{"line":11,"column":54}},"type":"if","locations":[{"start":{"line":11,"column":2},"end":{"line":11,"column":54}},{"start":{"line":11,"column":2},"end":{"line":11,"column":54}}],"line":11},"4":{"loc":{"start":{"line":12,"column":2},"end":{"line":12,"column":58}},"type":"if","locations":[{"start":{"line":12,"column":2},"end":{"line":12,"column":58}},{"start":{"line":12,"column":2},"end":{"line":12,"column":58}}],"line":12},"5":{"loc":{"start":{"line":24,"column":54},"end":{"line":24,"column":73}},"type":"default-arg","locations":[{"start":{"line":24,"column":66},"end":{"line":24,"column":73}}],"line":24}},"s":{"0":1,"1":26,"2":26,"3":0,"4":0,"5":1,"6":0,"7":0,"8":0,"9":0,"10":0,"11":0,"12":0,"13":1,"14":1,"15":4,"16":1,"17":4,"18":1,"19":4,"20":1,"21":1,"22":1,"23":1},"f":{"0":26,"1":26,"2":0,"3":0,"4":0,"5":4,"6":4,"7":4},"b":{"0":[0,0],"1":[0,0],"2":[0,0],"3":[0,0],"4":[0,0],"5":[3]},"_coverageSchema":"332fd63041d2c1bcb487cc26dd0d5f7d97098a6c","hash":"026193db6c014676286ef47f529c6f21ae1757ab"},"/Users/renaudtertrais/beqom/alto-ui/src/helpers/theme.js":{"path":"/Users/renaudtertrais/beqom/alto-ui/src/helpers/theme.js","statementMap":{"0":{"start":{"line":4,"column":24},"end":{"line":4,"column":60}},"1":{"start":{"line":4,"column":37},"end":{"line":4,"column":60}},"2":{"start":{"line":6,"column":24},"end":{"line":15,"column":1}},"3":{"start":{"line":6,"column":48},"end":{"line":15,"column":1}},"4":{"start":{"line":7,"column":36},"end":{"line":7,"column":55}},"5":{"start":{"line":8,"column":27},"end":{"line":8,"column":68}},"6":{"start":{"line":10,"column":23},"end":{"line":12,"column":50}},"7":{"start":{"line":14,"column":2},"end":{"line":14,"column":31}},"8":{"start":{"line":17,"column":24},"end":{"line":17,"column":99}},"9":{"start":{"line":17,"column":32},"end":{"line":17,"column":99}},"10":{"start":{"line":17,"column":41},"end":{"line":17,"column":99}},"11":{"start":{"line":19,"column":28},"end":{"line":23,"column":1}},"12":{"start":{"line":19,"column":42},"end":{"line":23,"column":1}},"13":{"start":{"line":19,"column":53},"end":{"line":23,"column":1}},"14":{"start":{"line":20,"column":39},"end":{"line":20,"column":81}},"15":{"start":{"line":25,"column":28},"end":{"line":29,"column":1}},"16":{"start":{"line":25,"column":42},"end":{"line":29,"column":1}},"17":{"start":{"line":25,"column":53},"end":{"line":29,"column":1}},"18":{"start":{"line":31,"column":30},"end":{"line":36,"column":1}},"19":{"start":{"line":31,"column":48},"end":{"line":36,"column":1}},"20":{"start":{"line":31,"column":59},"end":{"line":36,"column":1}},"21":{"start":{"line":33,"column":6},"end":{"line":33,"column":43}}},"fnMap":{"0":{"name":"(anonymous_0)","decl":{"start":{"line":4,"column":24},"end":{"line":4,"column":25}},"loc":{"start":{"line":4,"column":37},"end":{"line":4,"column":60}},"line":4},"1":{"name":"(anonymous_1)","decl":{"start":{"line":6,"column":24},"end":{"line":6,"column":25}},"loc":{"start":{"line":6,"column":48},"end":{"line":15,"column":1}},"line":6},"2":{"name":"(anonymous_2)","decl":{"start":{"line":6,"column":48},"end":{"line":6,"column":49}},"loc":{"start":{"line":6,"column":57},"end":{"line":15,"column":1}},"line":6},"3":{"name":"(anonymous_3)","decl":{"start":{"line":17,"column":24},"end":{"line":17,"column":25}},"loc":{"start":{"line":17,"column":32},"end":{"line":17,"column":99}},"line":17},"4":{"name":"(anonymous_4)","decl":{"start":{"line":17,"column":32},"end":{"line":17,"column":33}},"loc":{"start":{"line":17,"column":41},"end":{"line":17,"column":99}},"line":17},"5":{"name":"(anonymous_5)","decl":{"start":{"line":19,"column":28},"end":{"line":19,"column":29}},"loc":{"start":{"line":19,"column":42},"end":{"line":23,"column":1}},"line":19},"6":{"name":"(anonymous_6)","decl":{"start":{"line":19,"column":42},"end":{"line":19,"column":43}},"loc":{"start":{"line":19,"column":53},"end":{"line":23,"column":1}},"line":19},"7":{"name":"(anonymous_7)","decl":{"start":{"line":20,"column":34},"end":{"line":20,"column":35}},"loc":{"start":{"line":20,"column":39},"end":{"line":20,"column":81}},"line":20},"8":{"name":"(anonymous_8)","decl":{"start":{"line":25,"column":28},"end":{"line":25,"column":29}},"loc":{"start":{"line":25,"column":42},"end":{"line":29,"column":1}},"line":25},"9":{"name":"(anonymous_9)","decl":{"start":{"line":25,"column":42},"end":{"line":25,"column":43}},"loc":{"start":{"line":25,"column":53},"end":{"line":29,"column":1}},"line":25},"10":{"name":"(anonymous_10)","decl":{"start":{"line":31,"column":30},"end":{"line":31,"column":31}},"loc":{"start":{"line":31,"column":48},"end":{"line":36,"column":1}},"line":31},"11":{"name":"(anonymous_11)","decl":{"start":{"line":31,"column":48},"end":{"line":31,"column":49}},"loc":{"start":{"line":31,"column":59},"end":{"line":36,"column":1}},"line":31},"12":{"name":"(anonymous_12)","decl":{"start":{"line":32,"column":87},"end":{"line":32,"column":88}},"loc":{"start":{"line":33,"column":6},"end":{"line":33,"column":43}},"line":33}},"branchMap":{"0":{"loc":{"start":{"line":7,"column":16},"end":{"line":7,"column":32}},"type":"default-arg","locations":[{"start":{"line":7,"column":24},"end":{"line":7,"column":32}}],"line":7},"1":{"loc":{"start":{"line":8,"column":27},"end":{"line":8,"column":68}},"type":"binary-expr","locations":[{"start":{"line":8,"column":27},"end":{"line":8,"column":59}},{"start":{"line":8,"column":63},"end":{"line":8,"column":68}}],"line":8},"2":{"loc":{"start":{"line":10,"column":23},"end":{"line":12,"column":50}},"type":"cond-expr","locations":[{"start":{"line":11,"column":6},"end":{"line":11,"column":69}},{"start":{"line":12,"column":6},"end":{"line":12,"column":50}}],"line":10},"3":{"loc":{"start":{"line":14,"column":9},"end":{"line":14,"column":30}},"type":"binary-expr","locations":[{"start":{"line":14,"column":9},"end":{"line":14,"column":21}},{"start":{"line":14,"column":25},"end":{"line":14,"column":30}}],"line":14},"4":{"loc":{"start":{"line":17,"column":55},"end":{"line":17,"column":96}},"type":"binary-expr","locations":[{"start":{"line":17,"column":55},"end":{"line":17,"column":88}},{"start":{"line":17,"column":92},"end":{"line":17,"column":96}}],"line":17}},"s":{"0":2,"1":34,"2":2,"3":110,"4":9,"5":9,"6":9,"7":9,"8":2,"9":7,"10":3,"11":2,"12":1,"13":1,"14":1,"15":2,"16":1,"17":1,"18":2,"19":1,"20":1,"21":1},"f":{"0":34,"1":110,"2":9,"3":7,"4":3,"5":1,"6":1,"7":1,"8":1,"9":1,"10":1,"11":1,"12":1},"b":{"0":[5],"1":[9,6],"2":[6,3],"3":[9,4],"4":[3,2]},"_coverageSchema":"332fd63041d2c1bcb487cc26dd0d5f7d97098a6c","hash":"dd75514143a502f70b7d6640f901bbc1aed579a1"},"/Users/renaudtertrais/beqom/alto-ui/src/Icons/ChevronLeft.js":{"path":"/Users/renaudtertrais/beqom/alto-ui/src/Icons/ChevronLeft.js","statementMap":{"0":{"start":{"line":4,"column":20},"end":{"line":15,"column":1}},"1":{"start":{"line":5,"column":2},"end":{"line":14,"column":9}},"2":{"start":{"line":7,"column":6},"end":{"line":12,"column":10}},"3":{"start":{"line":17,"column":0},"end":{"line":17,"column":40}}},"fnMap":{"0":{"name":"(anonymous_0)","decl":{"start":{"line":4,"column":20},"end":{"line":4,"column":21}},"loc":{"start":{"line":5,"column":2},"end":{"line":14,"column":9}},"line":5},"1":{"name":"(anonymous_1)","decl":{"start":{"line":6,"column":5},"end":{"line":6,"column":6}},"loc":{"start":{"line":7,"column":6},"end":{"line":12,"column":10}},"line":7}},"branchMap":{},"s":{"0":1,"1":0,"2":0,"3":1},"f":{"0":0,"1":0},"b":{},"_coverageSchema":"332fd63041d2c1bcb487cc26dd0d5f7d97098a6c","hash":"4db9e2ef2df6a5d8357062ecc06e6e4425f34d14"},"/Users/renaudtertrais/beqom/alto-ui/src/Icons/Icon.js":{"path":"/Users/renaudtertrais/beqom/alto-ui/src/Icons/Icon.js","statementMap":{"0":{"start":{"line":5,"column":17},"end":{"line":6,"column":57}},"1":{"start":{"line":5,"column":28},"end":{"line":6,"column":57}},"2":{"start":{"line":5,"column":35},"end":{"line":6,"column":57}},"3":{"start":{"line":6,"column":2},"end":{"line":6,"column":57}},"4":{"start":{"line":6,"column":24},"end":{"line":6,"column":39}},"5":{"start":{"line":8,"column":22},"end":{"line":27,"column":1}},"6":{"start":{"line":9,"column":17},"end":{"line":9,"column":69}},"7":{"start":{"line":14,"column":26},"end":{"line":14,"column":30}},"8":{"start":{"line":15,"column":25},"end":{"line":15,"column":29}},"9":{"start":{"line":16,"column":29},"end":{"line":16,"column":33}},"10":{"start":{"line":29,"column":0},"end":{"line":29,"column":44}},"11":{"start":{"line":31,"column":13},"end":{"line":51,"column":1}},"12":{"start":{"line":32,"column":27},"end":{"line":32,"column":32}},"13":{"start":{"line":33,"column":19},"end":{"line":33,"column":50}},"14":{"start":{"line":34,"column":15},"end":{"line":34,"column":59}},"15":{"start":{"line":35,"column":2},"end":{"line":50,"column":4}},"16":{"start":{"line":53,"column":0},"end":{"line":61,"column":2}},"17":{"start":{"line":63,"column":0},"end":{"line":72,"column":2}}},"fnMap":{"0":{"name":"(anonymous_0)","decl":{"start":{"line":5,"column":17},"end":{"line":5,"column":18}},"loc":{"start":{"line":5,"column":28},"end":{"line":6,"column":57}},"line":5},"1":{"name":"(anonymous_1)","decl":{"start":{"line":5,"column":28},"end":{"line":5,"column":29}},"loc":{"start":{"line":5,"column":35},"end":{"line":6,"column":57}},"line":5},"2":{"name":"(anonymous_2)","decl":{"start":{"line":5,"column":35},"end":{"line":5,"column":36}},"loc":{"start":{"line":6,"column":2},"end":{"line":6,"column":57}},"line":6},"3":{"name":"(anonymous_3)","decl":{"start":{"line":6,"column":12},"end":{"line":6,"column":13}},"loc":{"start":{"line":6,"column":24},"end":{"line":6,"column":39}},"line":6},"4":{"name":"(anonymous_4)","decl":{"start":{"line":9,"column":12},"end":{"line":9,"column":13}},"loc":{"start":{"line":9,"column":17},"end":{"line":9,"column":69}},"line":9},"5":{"name":"(anonymous_5)","decl":{"start":{"line":14,"column":12},"end":{"line":14,"column":13}},"loc":{"start":{"line":14,"column":26},"end":{"line":14,"column":30}},"line":14},"6":{"name":"(anonymous_6)","decl":{"start":{"line":15,"column":11},"end":{"line":15,"column":12}},"loc":{"start":{"line":15,"column":25},"end":{"line":15,"column":29}},"line":15},"7":{"name":"(anonymous_7)","decl":{"start":{"line":16,"column":15},"end":{"line":16,"column":16}},"loc":{"start":{"line":16,"column":29},"end":{"line":16,"column":33}},"line":16},"8":{"name":"(anonymous_8)","decl":{"start":{"line":31,"column":13},"end":{"line":31,"column":14}},"loc":{"start":{"line":31,"column":22},"end":{"line":51,"column":1}},"line":31}},"branchMap":{"0":{"loc":{"start":{"line":6,"column":2},"end":{"line":6,"column":57}},"type":"cond-expr","locations":[{"start":{"line":6,"column":49},"end":{"line":6,"column":52}},{"start":{"line":6,"column":55},"end":{"line":6,"column":57}}],"line":6},"1":{"loc":{"start":{"line":6,"column":24},"end":{"line":6,"column":39}},"type":"binary-expr","locations":[{"start":{"line":6,"column":24},"end":{"line":6,"column":27}},{"start":{"line":6,"column":31},"end":{"line":6,"column":39}}],"line":6},"2":{"loc":{"start":{"line":9,"column":17},"end":{"line":9,"column":69}},"type":"binary-expr","locations":[{"start":{"line":9,"column":17},"end":{"line":9,"column":27}},{"start":{"line":9,"column":31},"end":{"line":9,"column":37}},{"start":{"line":9,"column":41},"end":{"line":9,"column":48}},{"start":{"line":9,"column":52},"end":{"line":9,"column":57}},{"start":{"line":9,"column":61},"end":{"line":9,"column":69}}],"line":9},"3":{"loc":{"start":{"line":33,"column":19},"end":{"line":33,"column":50}},"type":"binary-expr","locations":[{"start":{"line":33,"column":19},"end":{"line":33,"column":33}},{"start":{"line":33,"column":37},"end":{"line":33,"column":41}},{"start":{"line":33,"column":45},"end":{"line":33,"column":50}}],"line":33},"4":{"loc":{"start":{"line":34,"column":15},"end":{"line":34,"column":59}},"type":"binary-expr","locations":[{"start":{"line":34,"column":15},"end":{"line":34,"column":25}},{"start":{"line":34,"column":31},"end":{"line":34,"column":57}}],"line":34},"5":{"loc":{"start":{"line":34,"column":31},"end":{"line":34,"column":57}},"type":"cond-expr","locations":[{"start":{"line":34,"column":42},"end":{"line":34,"column":49}},{"start":{"line":34,"column":52},"end":{"line":34,"column":57}}],"line":34}},"s":{"0":1,"1":3,"2":3,"3":0,"4":0,"5":1,"6":0,"7":0,"8":0,"9":0,"10":1,"11":1,"12":0,"13":0,"14":0,"15":0,"16":1,"17":1},"f":{"0":3,"1":3,"2":0,"3":0,"4":0,"5":0,"6":0,"7":0,"8":0},"b":{"0":[0,0],"1":[0,0],"2":[0,0,0,0,0],"3":[0,0,0],"4":[0,0],"5":[0,0]},"_coverageSchema":"332fd63041d2c1bcb487cc26dd0d5f7d97098a6c","hash":"62ab5b169630135777f04f27fdde1cf2fde1d040"},"/Users/renaudtertrais/beqom/alto-ui/src/Icons/ChevronRight.js":{"path":"/Users/renaudtertrais/beqom/alto-ui/src/Icons/ChevronRight.js","statementMap":{"0":{"start":{"line":4,"column":21},"end":{"line":15,"column":1}},"1":{"start":{"line":5,"column":2},"end":{"line":14,"column":9}},"2":{"start":{"line":7,"column":6},"end":{"line":12,"column":10}},"3":{"start":{"line":17,"column":0},"end":{"line":17,"column":42}}},"fnMap":{"0":{"name":"(anonymous_0)","decl":{"start":{"line":4,"column":21},"end":{"line":4,"column":22}},"loc":{"start":{"line":5,"column":2},"end":{"line":14,"column":9}},"line":5},"1":{"name":"(anonymous_1)","decl":{"start":{"line":6,"column":5},"end":{"line":6,"column":6}},"loc":{"start":{"line":7,"column":6},"end":{"line":12,"column":10}},"line":7}},"branchMap":{},"s":{"0":1,"1":0,"2":0,"3":1},"f":{"0":0,"1":0},"b":{},"_coverageSchema":"332fd63041d2c1bcb487cc26dd0d5f7d97098a6c","hash":"416f012b755e9dd2019936c64f1a91864947dc2c"},"/Users/renaudtertrais/beqom/alto-ui/src/Form/FormElement/FormElement.js":{"path":"/Users/renaudtertrais/beqom/alto-ui/src/Form/FormElement/FormElement.js","statementMap":{"0":{"start":{"line":1,"column":13},"end":{"line":1,"column":75}},"1":{"start":{"line":1,"column":90},"end":{"line":1,"column":321}},"2":{"start":{"line":1,"column":126},"end":{"line":1,"column":306}},"3":{"start":{"line":1,"column":183},"end":{"line":1,"column":195}},"4":{"start":{"line":1,"column":196},"end":{"line":1,"column":305}},"5":{"start":{"line":1,"column":221},"end":{"line":1,"column":304}},"6":{"start":{"line":1,"column":277},"end":{"line":1,"column":303}},"7":{"start":{"line":1,"column":306},"end":{"line":1,"column":320}},"8":{"start":{"line":1,"column":344},"end":{"line":1,"column":430}},"9":{"start":{"line":1,"column":450},"end":{"line":1,"column":704}},"10":{"start":{"line":1,"column":724},"end":{"line":1,"column":802}},"11":{"start":{"line":1,"column":822},"end":{"line":1,"column":908}},"12":{"start":{"line":1,"column":928},"end":{"line":1,"column":1188}},"13":{"start":{"line":1,"column":1202},"end":{"line":1,"column":1218}},"14":{"start":{"line":1,"column":1233},"end":{"line":1,"column":1263}},"15":{"start":{"line":2,"column":17},"end":{"line":2,"column":38}},"16":{"start":{"line":2,"column":57},"end":{"line":2,"column":91}},"17":{"start":{"line":3,"column":24},"end":{"line":3,"column":52}},"18":{"start":{"line":3,"column":78},"end":{"line":3,"column":119}},"19":{"start":{"line":5,"column":13},"end":{"line":5,"column":43}},"20":{"start":{"line":5,"column":82},"end":{"line":5,"column":136}},"21":{"start":{"line":5,"column":184},"end":{"line":5,"column":279}},"22":{"start":{"line":7,"column":15},"end":{"line":8,"column":86}},"23":{"start":{"line":7,"column":36},"end":{"line":7,"column":148}},"24":{"start":{"line":7,"column":120},"end":{"line":7,"column":147}},"25":{"start":{"line":7,"column":148},"end":{"line":8,"column":85}},"26":{"start":{"line":7,"column":171},"end":{"line":8,"column":83}},"27":{"start":{"line":7,"column":196},"end":{"line":8,"column":81}},"28":{"start":{"line":8,"column":37},"end":{"line":8,"column":60}},"29":{"start":{"line":11,"column":25},"end":{"line":11,"column":72}},"30":{"start":{"line":15,"column":26},"end":{"line":27,"column":38}},"31":{"start":{"line":31,"column":23},"end":{"line":34,"column":36}},"32":{"start":{"line":40,"column":18},"end":{"line":55,"column":1}},"33":{"start":{"line":41,"column":10},"end":{"line":41,"column":21}},"34":{"start":{"line":41,"column":33},"end":{"line":41,"column":47}},"35":{"start":{"line":41,"column":58},"end":{"line":41,"column":71}},"36":{"start":{"line":41,"column":77},"end":{"line":41,"column":85}},"37":{"start":{"line":41,"column":97},"end":{"line":41,"column":111}},"38":{"start":{"line":42,"column":2},"end":{"line":50,"column":26}},"39":{"start":{"line":57,"column":0},"end":{"line":64,"column":53}},"40":{"start":{"line":64,"column":53},"end":{"line":67,"column":12}}},"fnMap":{"0":{"name":"(anonymous_0)","decl":{"start":{"line":1,"column":107},"end":{"line":1,"column":108}},"loc":{"start":{"line":1,"column":125},"end":{"line":1,"column":321}},"line":1},"1":{"name":"_interopRequireDefault","decl":{"start":{"line":5,"column":53},"end":{"line":5,"column":75}},"loc":{"start":{"line":5,"column":81},"end":{"line":5,"column":137}},"line":5},"2":{"name":"_taggedTemplateLiteral","decl":{"start":{"line":5,"column":146},"end":{"line":5,"column":168}},"loc":{"start":{"line":5,"column":183},"end":{"line":5,"column":280}},"line":5},"3":{"name":"modifier","decl":{"start":{"line":7,"column":24},"end":{"line":7,"column":32}},"loc":{"start":{"line":7,"column":35},"end":{"line":8,"column":86}},"line":7},"4":{"name":"(anonymous_4)","decl":{"start":{"line":7,"column":155},"end":{"line":7,"column":156}},"loc":{"start":{"line":7,"column":170},"end":{"line":8,"column":84}},"line":7},"5":{"name":"(anonymous_5)","decl":{"start":{"line":7,"column":178},"end":{"line":7,"column":179}},"loc":{"start":{"line":7,"column":195},"end":{"line":8,"column":82}},"line":7},"6":{"name":"(anonymous_6)","decl":{"start":{"line":8,"column":18},"end":{"line":8,"column":19}},"loc":{"start":{"line":8,"column":36},"end":{"line":8,"column":61}},"line":8},"7":{"name":"FormElement","decl":{"start":{"line":40,"column":27},"end":{"line":40,"column":38}},"loc":{"start":{"line":40,"column":46},"end":{"line":55,"column":1}},"line":40}},"branchMap":{"0":{"loc":{"start":{"line":1,"column":90},"end":{"line":1,"column":321}},"type":"binary-expr","locations":[{"start":{"line":1,"column":90},"end":{"line":1,"column":103}},{"start":{"line":1,"column":107},"end":{"line":1,"column":321}}],"line":1},"1":{"loc":{"start":{"line":1,"column":221},"end":{"line":1,"column":304}},"type":"if","locations":[{"start":{"line":1,"column":221},"end":{"line":1,"column":304}},{"start":{"line":1,"column":221},"end":{"line":1,"column":304}}],"line":1},"2":{"loc":{"start":{"line":5,"column":89},"end":{"line":5,"column":135}},"type":"cond-expr","locations":[{"start":{"line":5,"column":113},"end":{"line":5,"column":116}},{"start":{"line":5,"column":119},"end":{"line":5,"column":135}}],"line":5},"3":{"loc":{"start":{"line":5,"column":89},"end":{"line":5,"column":110}},"type":"binary-expr","locations":[{"start":{"line":5,"column":89},"end":{"line":5,"column":92}},{"start":{"line":5,"column":96},"end":{"line":5,"column":110}}],"line":5},"4":{"loc":{"start":{"line":8,"column":8},"end":{"line":8,"column":79}},"type":"cond-expr","locations":[{"start":{"line":8,"column":71},"end":{"line":8,"column":74}},{"start":{"line":8,"column":77},"end":{"line":8,"column":79}}],"line":8},"5":{"loc":{"start":{"line":8,"column":44},"end":{"line":8,"column":59}},"type":"binary-expr","locations":[{"start":{"line":8,"column":44},"end":{"line":8,"column":47}},{"start":{"line":8,"column":51},"end":{"line":8,"column":59}}],"line":8},"6":{"loc":{"start":{"line":48,"column":6},"end":{"line":50,"column":23}},"type":"binary-expr","locations":[{"start":{"line":48,"column":6},"end":{"line":48,"column":20}},{"start":{"line":49,"column":6},"end":{"line":50,"column":23}}],"line":48}},"s":{"0":0,"1":0,"2":0,"3":0,"4":0,"5":0,"6":0,"7":0,"8":0,"9":0,"10":0,"11":0,"12":0,"13":0,"14":0,"15":0,"16":0,"17":0,"18":0,"19":0,"20":0,"21":0,"22":0,"23":0,"24":0,"25":0,"26":0,"27":0,"28":0,"29":0,"30":0,"31":0,"32":0,"33":0,"34":0,"35":0,"36":0,"37":0,"38":0,"39":0,"40":0},"f":{"0":0,"1":0,"2":0,"3":0,"4":0,"5":0,"6":0,"7":0},"b":{"0":[0,0],"1":[0,0],"2":[0,0],"3":[0,0],"4":[0,0],"5":[0,0],"6":[0,0]}},"/Users/renaudtertrais/beqom/alto-ui/src/Form/TextField/TextField.js":{"path":"/Users/renaudtertrais/beqom/alto-ui/src/Form/TextField/TextField.js","statementMap":{"0":{"start":{"line":1,"column":13},"end":{"line":1,"column":75}},"1":{"start":{"line":1,"column":75},"end":{"line":1,"column":129}},"2":{"start":{"line":1,"column":151},"end":{"line":1,"column":339}},"3":{"start":{"line":1,"column":359},"end":{"line":1,"column":1721}},"4":{"start":{"line":1,"column":1741},"end":{"line":1,"column":1999}},"5":{"start":{"line":1,"column":2019},"end":{"line":1,"column":2175}},"6":{"start":{"line":1,"column":2195},"end":{"line":1,"column":2301}},"7":{"start":{"line":1,"column":2315},"end":{"line":1,"column":2331}},"8":{"start":{"line":1,"column":2346},"end":{"line":1,"column":2376}},"9":{"start":{"line":2,"column":17},"end":{"line":2,"column":38}},"10":{"start":{"line":2,"column":57},"end":{"line":2,"column":91}},"11":{"start":{"line":3,"column":24},"end":{"line":3,"column":52}},"12":{"start":{"line":3,"column":78},"end":{"line":3,"column":119}},"13":{"start":{"line":5,"column":13},"end":{"line":5,"column":43}},"14":{"start":{"line":6,"column":19},"end":{"line":6,"column":44}},"15":{"start":{"line":6,"column":65},"end":{"line":6,"column":101}},"16":{"start":{"line":6,"column":140},"end":{"line":6,"column":194}},"17":{"start":{"line":6,"column":242},"end":{"line":6,"column":337}},"18":{"start":{"line":8,"column":15},"end":{"line":9,"column":86}},"19":{"start":{"line":8,"column":36},"end":{"line":8,"column":148}},"20":{"start":{"line":8,"column":120},"end":{"line":8,"column":147}},"21":{"start":{"line":8,"column":148},"end":{"line":9,"column":85}},"22":{"start":{"line":8,"column":171},"end":{"line":9,"column":83}},"23":{"start":{"line":8,"column":196},"end":{"line":9,"column":81}},"24":{"start":{"line":9,"column":37},"end":{"line":9,"column":60}},"25":{"start":{"line":11,"column":17},"end":{"line":11,"column":81}},"26":{"start":{"line":18,"column":19},"end":{"line":73,"column":36}},"27":{"start":{"line":78,"column":0},"end":{"line":78,"column":35}},"28":{"start":{"line":80,"column":0},"end":{"line":81,"column":17}},"29":{"start":{"line":84,"column":0},"end":{"line":85,"column":37}},"30":{"start":{"line":88,"column":16},"end":{"line":90,"column":60}},"31":{"start":{"line":88,"column":43},"end":{"line":90,"column":59}},"32":{"start":{"line":94,"column":0},"end":{"line":94,"column":36}},"33":{"start":{"line":94,"column":36},"end":{"line":96,"column":10}}},"fnMap":{"0":{"name":"_interopRequireDefault","decl":{"start":{"line":6,"column":111},"end":{"line":6,"column":133}},"loc":{"start":{"line":6,"column":139},"end":{"line":6,"column":195}},"line":6},"1":{"name":"_taggedTemplateLiteral","decl":{"start":{"line":6,"column":204},"end":{"line":6,"column":226}},"loc":{"start":{"line":6,"column":241},"end":{"line":6,"column":338}},"line":6},"2":{"name":"modifier","decl":{"start":{"line":8,"column":24},"end":{"line":8,"column":32}},"loc":{"start":{"line":8,"column":35},"end":{"line":9,"column":86}},"line":8},"3":{"name":"(anonymous_3)","decl":{"start":{"line":8,"column":155},"end":{"line":8,"column":156}},"loc":{"start":{"line":8,"column":170},"end":{"line":9,"column":84}},"line":8},"4":{"name":"(anonymous_4)","decl":{"start":{"line":8,"column":178},"end":{"line":8,"column":179}},"loc":{"start":{"line":8,"column":195},"end":{"line":9,"column":82}},"line":8},"5":{"name":"(anonymous_5)","decl":{"start":{"line":9,"column":18},"end":{"line":9,"column":19}},"loc":{"start":{"line":9,"column":36},"end":{"line":9,"column":61}},"line":9},"6":{"name":"TextField","decl":{"start":{"line":88,"column":25},"end":{"line":88,"column":34}},"loc":{"start":{"line":88,"column":42},"end":{"line":90,"column":60}},"line":88}},"branchMap":{"0":{"loc":{"start":{"line":6,"column":147},"end":{"line":6,"column":193}},"type":"cond-expr","locations":[{"start":{"line":6,"column":171},"end":{"line":6,"column":174}},{"start":{"line":6,"column":177},"end":{"line":6,"column":193}}],"line":6},"1":{"loc":{"start":{"line":6,"column":147},"end":{"line":6,"column":168}},"type":"binary-expr","locations":[{"start":{"line":6,"column":147},"end":{"line":6,"column":150}},{"start":{"line":6,"column":154},"end":{"line":6,"column":168}}],"line":6},"2":{"loc":{"start":{"line":9,"column":8},"end":{"line":9,"column":79}},"type":"cond-expr","locations":[{"start":{"line":9,"column":71},"end":{"line":9,"column":74}},{"start":{"line":9,"column":77},"end":{"line":9,"column":79}}],"line":9},"3":{"loc":{"start":{"line":9,"column":44},"end":{"line":9,"column":59}},"type":"binary-expr","locations":[{"start":{"line":9,"column":44},"end":{"line":9,"column":47}},{"start":{"line":9,"column":51},"end":{"line":9,"column":59}}],"line":9}},"s":{"0":0,"1":0,"2":0,"3":0,"4":0,"5":0,"6":0,"7":0,"8":0,"9":0,"10":0,"11":0,"12":0,"13":0,"14":0,"15":0,"16":0,"17":0,"18":0,"19":0,"20":0,"21":0,"22":0,"23":0,"24":0,"25":0,"26":0,"27":0,"28":0,"29":0,"30":0,"31":0,"32":0,"33":0},"f":{"0":0,"1":0,"2":0,"3":0,"4":0,"5":0,"6":0},"b":{"0":[0,0],"1":[0,0],"2":[0,0],"3":[0,0]}},"/Users/renaudtertrais/beqom/alto-ui/src/Form/RadioButton/RadioButton.js":{"path":"/Users/renaudtertrais/beqom/alto-ui/src/Form/RadioButton/RadioButton.js","statementMap":{"0":{"start":{"line":1,"column":13},"end":{"line":1,"column":75}},"1":{"start":{"line":1,"column":90},"end":{"line":1,"column":321}},"2":{"start":{"line":1,"column":126},"end":{"line":1,"column":306}},"3":{"start":{"line":1,"column":183},"end":{"line":1,"column":195}},"4":{"start":{"line":1,"column":196},"end":{"line":1,"column":305}},"5":{"start":{"line":1,"column":221},"end":{"line":1,"column":304}},"6":{"start":{"line":1,"column":277},"end":{"line":1,"column":303}},"7":{"start":{"line":1,"column":306},"end":{"line":1,"column":320}},"8":{"start":{"line":1,"column":344},"end":{"line":1,"column":430}},"9":{"start":{"line":1,"column":450},"end":{"line":1,"column":738}},"10":{"start":{"line":1,"column":758},"end":{"line":1,"column":2212}},"11":{"start":{"line":1,"column":2232},"end":{"line":1,"column":2422}},"12":{"start":{"line":1,"column":2442},"end":{"line":1,"column":2550}},"13":{"start":{"line":1,"column":2570},"end":{"line":1,"column":2820}},"14":{"start":{"line":1,"column":2840},"end":{"line":1,"column":3088}},"15":{"start":{"line":1,"column":3102},"end":{"line":1,"column":3118}},"16":{"start":{"line":1,"column":3133},"end":{"line":1,"column":3163}},"17":{"start":{"line":2,"column":17},"end":{"line":2,"column":38}},"18":{"start":{"line":2,"column":57},"end":{"line":2,"column":91}},"19":{"start":{"line":3,"column":24},"end":{"line":3,"column":52}},"20":{"start":{"line":3,"column":78},"end":{"line":3,"column":119}},"21":{"start":{"line":5,"column":13},"end":{"line":5,"column":43}},"22":{"start":{"line":5,"column":82},"end":{"line":5,"column":136}},"23":{"start":{"line":5,"column":184},"end":{"line":5,"column":279}},"24":{"start":{"line":7,"column":15},"end":{"line":8,"column":86}},"25":{"start":{"line":7,"column":36},"end":{"line":7,"column":148}},"26":{"start":{"line":7,"column":120},"end":{"line":7,"column":147}},"27":{"start":{"line":7,"column":148},"end":{"line":8,"column":85}},"28":{"start":{"line":7,"column":171},"end":{"line":8,"column":83}},"29":{"start":{"line":7,"column":196},"end":{"line":8,"column":81}},"30":{"start":{"line":8,"column":37},"end":{"line":8,"column":60}},"31":{"start":{"line":10,"column":25},"end":{"line":10,"column":72}},"32":{"start":{"line":14,"column":0},"end":{"line":14,"column":54}},"33":{"start":{"line":16,"column":23},"end":{"line":16,"column":73}},"34":{"start":{"line":25,"column":0},"end":{"line":25,"column":50}},"35":{"start":{"line":27,"column":23},"end":{"line":83,"column":38}},"36":{"start":{"line":88,"column":0},"end":{"line":88,"column":50}},"37":{"start":{"line":90,"column":18},"end":{"line":98,"column":1}},"38":{"start":{"line":91,"column":12},"end":{"line":91,"column":25}},"39":{"start":{"line":91,"column":37},"end":{"line":91,"column":51}},"40":{"start":{"line":92,"column":2},"end":{"line":95,"column":144}},"41":{"start":{"line":100,"column":0},"end":{"line":102,"column":20}},"42":{"start":{"line":105,"column":0},"end":{"line":109,"column":39}},"43":{"start":{"line":109,"column":39},"end":{"line":112,"column":12}}},"fnMap":{"0":{"name":"(anonymous_0)","decl":{"start":{"line":1,"column":107},"end":{"line":1,"column":108}},"loc":{"start":{"line":1,"column":125},"end":{"line":1,"column":321}},"line":1},"1":{"name":"_interopRequireDefault","decl":{"start":{"line":5,"column":53},"end":{"line":5,"column":75}},"loc":{"start":{"line":5,"column":81},"end":{"line":5,"column":137}},"line":5},"2":{"name":"_taggedTemplateLiteral","decl":{"start":{"line":5,"column":146},"end":{"line":5,"column":168}},"loc":{"start":{"line":5,"column":183},"end":{"line":5,"column":280}},"line":5},"3":{"name":"modifier","decl":{"start":{"line":7,"column":24},"end":{"line":7,"column":32}},"loc":{"start":{"line":7,"column":35},"end":{"line":8,"column":86}},"line":7},"4":{"name":"(anonymous_4)","decl":{"start":{"line":7,"column":155},"end":{"line":7,"column":156}},"loc":{"start":{"line":7,"column":170},"end":{"line":8,"column":84}},"line":7},"5":{"name":"(anonymous_5)","decl":{"start":{"line":7,"column":178},"end":{"line":7,"column":179}},"loc":{"start":{"line":7,"column":195},"end":{"line":8,"column":82}},"line":7},"6":{"name":"(anonymous_6)","decl":{"start":{"line":8,"column":18},"end":{"line":8,"column":19}},"loc":{"start":{"line":8,"column":36},"end":{"line":8,"column":61}},"line":8},"7":{"name":"RadioButton","decl":{"start":{"line":90,"column":27},"end":{"line":90,"column":38}},"loc":{"start":{"line":90,"column":46},"end":{"line":98,"column":1}},"line":90}},"branchMap":{"0":{"loc":{"start":{"line":1,"column":90},"end":{"line":1,"column":321}},"type":"binary-expr","locations":[{"start":{"line":1,"column":90},"end":{"line":1,"column":103}},{"start":{"line":1,"column":107},"end":{"line":1,"column":321}}],"line":1},"1":{"loc":{"start":{"line":1,"column":221},"end":{"line":1,"column":304}},"type":"if","locations":[{"start":{"line":1,"column":221},"end":{"line":1,"column":304}},{"start":{"line":1,"column":221},"end":{"line":1,"column":304}}],"line":1},"2":{"loc":{"start":{"line":5,"column":89},"end":{"line":5,"column":135}},"type":"cond-expr","locations":[{"start":{"line":5,"column":113},"end":{"line":5,"column":116}},{"start":{"line":5,"column":119},"end":{"line":5,"column":135}}],"line":5},"3":{"loc":{"start":{"line":5,"column":89},"end":{"line":5,"column":110}},"type":"binary-expr","locations":[{"start":{"line":5,"column":89},"end":{"line":5,"column":92}},{"start":{"line":5,"column":96},"end":{"line":5,"column":110}}],"line":5},"4":{"loc":{"start":{"line":8,"column":8},"end":{"line":8,"column":79}},"type":"cond-expr","locations":[{"start":{"line":8,"column":71},"end":{"line":8,"column":74}},{"start":{"line":8,"column":77},"end":{"line":8,"column":79}}],"line":8},"5":{"loc":{"start":{"line":8,"column":44},"end":{"line":8,"column":59}},"type":"binary-expr","locations":[{"start":{"line":8,"column":44},"end":{"line":8,"column":47}},{"start":{"line":8,"column":51},"end":{"line":8,"column":59}}],"line":8}},"s":{"0":0,"1":0,"2":0,"3":0,"4":0,"5":0,"6":0,"7":0,"8":0,"9":0,"10":0,"11":0,"12":0,"13":0,"14":0,"15":0,"16":0,"17":0,"18":0,"19":0,"20":0,"21":0,"22":0,"23":0,"24":0,"25":0,"26":0,"27":0,"28":0,"29":0,"30":0,"31":0,"32":0,"33":0,"34":0,"35":0,"36":0,"37":0,"38":0,"39":0,"40":0,"41":0,"42":0,"43":0},"f":{"0":0,"1":0,"2":0,"3":0,"4":0,"5":0,"6":0,"7":0},"b":{"0":[0,0],"1":[0,0],"2":[0,0],"3":[0,0],"4":[0,0],"5":[0,0]}},"/Users/renaudtertrais/beqom/alto-ui/src/Form/TextArea/TextArea.js":{"path":"/Users/renaudtertrais/beqom/alto-ui/src/Form/TextArea/TextArea.js","statementMap":{"0":{"start":{"line":1,"column":13},"end":{"line":1,"column":75}},"1":{"start":{"line":1,"column":75},"end":{"line":1,"column":107}},"2":{"start":{"line":1,"column":129},"end":{"line":1,"column":199}},"3":{"start":{"line":1,"column":213},"end":{"line":1,"column":229}},"4":{"start":{"line":1,"column":244},"end":{"line":1,"column":274}},"5":{"start":{"line":3,"column":17},"end":{"line":3,"column":40}},"6":{"start":{"line":4,"column":19},"end":{"line":4,"column":44}},"7":{"start":{"line":4,"column":65},"end":{"line":4,"column":101}},"8":{"start":{"line":4,"column":140},"end":{"line":4,"column":194}},"9":{"start":{"line":4,"column":242},"end":{"line":4,"column":337}},"10":{"start":{"line":7,"column":18},"end":{"line":7,"column":113}},"11":{"start":{"line":11,"column":0},"end":{"line":11,"column":40}},"12":{"start":{"line":13,"column":15},"end":{"line":15,"column":59}},"13":{"start":{"line":13,"column":41},"end":{"line":15,"column":58}},"14":{"start":{"line":19,"column":0},"end":{"line":19,"column":34}},"15":{"start":{"line":19,"column":34},"end":{"line":22,"column":9}}},"fnMap":{"0":{"name":"_interopRequireDefault","decl":{"start":{"line":4,"column":111},"end":{"line":4,"column":133}},"loc":{"start":{"line":4,"column":139},"end":{"line":4,"column":195}},"line":4},"1":{"name":"_taggedTemplateLiteral","decl":{"start":{"line":4,"column":204},"end":{"line":4,"column":226}},"loc":{"start":{"line":4,"column":241},"end":{"line":4,"column":338}},"line":4},"2":{"name":"TextArea","decl":{"start":{"line":13,"column":24},"end":{"line":13,"column":32}},"loc":{"start":{"line":13,"column":40},"end":{"line":15,"column":59}},"line":13}},"branchMap":{"0":{"loc":{"start":{"line":4,"column":147},"end":{"line":4,"column":193}},"type":"cond-expr","locations":[{"start":{"line":4,"column":171},"end":{"line":4,"column":174}},{"start":{"line":4,"column":177},"end":{"line":4,"column":193}}],"line":4},"1":{"loc":{"start":{"line":4,"column":147},"end":{"line":4,"column":168}},"type":"binary-expr","locations":[{"start":{"line":4,"column":147},"end":{"line":4,"column":150}},{"start":{"line":4,"column":154},"end":{"line":4,"column":168}}],"line":4}},"s":{"0":0,"1":0,"2":0,"3":0,"4":0,"5":0,"6":0,"7":0,"8":0,"9":0,"10":0,"11":0,"12":0,"13":0,"14":0,"15":0},"f":{"0":0,"1":0,"2":0},"b":{"0":[0,0],"1":[0,0]}},"/Users/renaudtertrais/beqom/alto-ui/src/theme.js":{"path":"/Users/renaudtertrais/beqom/alto-ui/src/theme.js","statementMap":{"0":{"start":{"line":1,"column":13},"end":{"line":1,"column":75}},"1":{"start":{"line":1,"column":89},"end":{"line":165,"column":38}},"2":{"start":{"line":169,"column":0},"end":{"line":169,"column":31}},"3":{"start":{"line":170,"column":0},"end":{"line":170,"column":37}},"4":{"start":{"line":171,"column":0},"end":{"line":171,"column":37}},"5":{"start":{"line":172,"column":0},"end":{"line":172,"column":33}},"6":{"start":{"line":173,"column":0},"end":{"line":173,"column":35}},"7":{"start":{"line":174,"column":0},"end":{"line":174,"column":33}},"8":{"start":{"line":175,"column":0},"end":{"line":175,"column":33}},"9":{"start":{"line":176,"column":0},"end":{"line":176,"column":33}},"10":{"start":{"line":177,"column":0},"end":{"line":177,"column":37}},"11":{"start":{"line":178,"column":0},"end":{"line":178,"column":37}},"12":{"start":{"line":179,"column":0},"end":{"line":179,"column":33}},"13":{"start":{"line":180,"column":0},"end":{"line":180,"column":41}},"14":{"start":{"line":181,"column":0},"end":{"line":181,"column":47}},"15":{"start":{"line":182,"column":0},"end":{"line":182,"column":41}},"16":{"start":{"line":183,"column":0},"end":{"line":183,"column":24}},"17":{"start":{"line":183,"column":24},"end":{"line":205,"column":20}}},"fnMap":{},"branchMap":{},"s":{"0":0,"1":0,"2":0,"3":0,"4":0,"5":0,"6":0,"7":0,"8":0,"9":0,"10":0,"11":0,"12":0,"13":0,"14":0,"15":0,"16":0,"17":0},"f":{},"b":{}},"/Users/renaudtertrais/beqom/alto-ui/src/Form/CheckBox/CheckBox.js":{"path":"/Users/renaudtertrais/beqom/alto-ui/src/Form/CheckBox/CheckBox.js","statementMap":{"0":{"start":{"line":1,"column":13},"end":{"line":1,"column":75}},"1":{"start":{"line":1,"column":90},"end":{"line":1,"column":321}},"2":{"start":{"line":1,"column":126},"end":{"line":1,"column":306}},"3":{"start":{"line":1,"column":183},"end":{"line":1,"column":195}},"4":{"start":{"line":1,"column":196},"end":{"line":1,"column":305}},"5":{"start":{"line":1,"column":221},"end":{"line":1,"column":304}},"6":{"start":{"line":1,"column":277},"end":{"line":1,"column":303}},"7":{"start":{"line":1,"column":306},"end":{"line":1,"column":320}},"8":{"start":{"line":1,"column":344},"end":{"line":1,"column":430}},"9":{"start":{"line":1,"column":450},"end":{"line":1,"column":738}},"10":{"start":{"line":1,"column":758},"end":{"line":1,"column":2000}},"11":{"start":{"line":1,"column":2020},"end":{"line":1,"column":2182}},"12":{"start":{"line":1,"column":2202},"end":{"line":1,"column":2310}},"13":{"start":{"line":1,"column":2330},"end":{"line":1,"column":2756}},"14":{"start":{"line":1,"column":2776},"end":{"line":1,"column":2970}},"15":{"start":{"line":1,"column":2984},"end":{"line":1,"column":3000}},"16":{"start":{"line":1,"column":3015},"end":{"line":1,"column":3045}},"17":{"start":{"line":2,"column":17},"end":{"line":2,"column":38}},"18":{"start":{"line":2,"column":57},"end":{"line":2,"column":91}},"19":{"start":{"line":3,"column":24},"end":{"line":3,"column":52}},"20":{"start":{"line":3,"column":78},"end":{"line":3,"column":119}},"21":{"start":{"line":5,"column":13},"end":{"line":5,"column":43}},"22":{"start":{"line":5,"column":82},"end":{"line":5,"column":136}},"23":{"start":{"line":5,"column":184},"end":{"line":5,"column":279}},"24":{"start":{"line":7,"column":15},"end":{"line":8,"column":86}},"25":{"start":{"line":7,"column":36},"end":{"line":7,"column":148}},"26":{"start":{"line":7,"column":120},"end":{"line":7,"column":147}},"27":{"start":{"line":7,"column":148},"end":{"line":8,"column":85}},"28":{"start":{"line":7,"column":171},"end":{"line":8,"column":83}},"29":{"start":{"line":7,"column":196},"end":{"line":8,"column":81}},"30":{"start":{"line":8,"column":37},"end":{"line":8,"column":60}},"31":{"start":{"line":10,"column":22},"end":{"line":10,"column":69}},"32":{"start":{"line":14,"column":0},"end":{"line":14,"column":48}},"33":{"start":{"line":16,"column":20},"end":{"line":16,"column":70}},"34":{"start":{"line":25,"column":0},"end":{"line":25,"column":44}},"35":{"start":{"line":27,"column":20},"end":{"line":86,"column":38}},"36":{"start":{"line":91,"column":0},"end":{"line":91,"column":44}},"37":{"start":{"line":93,"column":15},"end":{"line":101,"column":1}},"38":{"start":{"line":94,"column":12},"end":{"line":94,"column":25}},"39":{"start":{"line":94,"column":37},"end":{"line":94,"column":51}},"40":{"start":{"line":95,"column":2},"end":{"line":98,"column":141}},"41":{"start":{"line":103,"column":0},"end":{"line":105,"column":20}},"42":{"start":{"line":108,"column":0},"end":{"line":112,"column":39}},"43":{"start":{"line":112,"column":39},"end":{"line":115,"column":9}}},"fnMap":{"0":{"name":"(anonymous_0)","decl":{"start":{"line":1,"column":107},"end":{"line":1,"column":108}},"loc":{"start":{"line":1,"column":125},"end":{"line":1,"column":321}},"line":1},"1":{"name":"_interopRequireDefault","decl":{"start":{"line":5,"column":53},"end":{"line":5,"column":75}},"loc":{"start":{"line":5,"column":81},"end":{"line":5,"column":137}},"line":5},"2":{"name":"_taggedTemplateLiteral","decl":{"start":{"line":5,"column":146},"end":{"line":5,"column":168}},"loc":{"start":{"line":5,"column":183},"end":{"line":5,"column":280}},"line":5},"3":{"name":"modifier","decl":{"start":{"line":7,"column":24},"end":{"line":7,"column":32}},"loc":{"start":{"line":7,"column":35},"end":{"line":8,"column":86}},"line":7},"4":{"name":"(anonymous_4)","decl":{"start":{"line":7,"column":155},"end":{"line":7,"column":156}},"loc":{"start":{"line":7,"column":170},"end":{"line":8,"column":84}},"line":7},"5":{"name":"(anonymous_5)","decl":{"start":{"line":7,"column":178},"end":{"line":7,"column":179}},"loc":{"start":{"line":7,"column":195},"end":{"line":8,"column":82}},"line":7},"6":{"name":"(anonymous_6)","decl":{"start":{"line":8,"column":18},"end":{"line":8,"column":19}},"loc":{"start":{"line":8,"column":36},"end":{"line":8,"column":61}},"line":8},"7":{"name":"CheckBox","decl":{"start":{"line":93,"column":24},"end":{"line":93,"column":32}},"loc":{"start":{"line":93,"column":40},"end":{"line":101,"column":1}},"line":93}},"branchMap":{"0":{"loc":{"start":{"line":1,"column":90},"end":{"line":1,"column":321}},"type":"binary-expr","locations":[{"start":{"line":1,"column":90},"end":{"line":1,"column":103}},{"start":{"line":1,"column":107},"end":{"line":1,"column":321}}],"line":1},"1":{"loc":{"start":{"line":1,"column":221},"end":{"line":1,"column":304}},"type":"if","locations":[{"start":{"line":1,"column":221},"end":{"line":1,"column":304}},{"start":{"line":1,"column":221},"end":{"line":1,"column":304}}],"line":1},"2":{"loc":{"start":{"line":5,"column":89},"end":{"line":5,"column":135}},"type":"cond-expr","locations":[{"start":{"line":5,"column":113},"end":{"line":5,"column":116}},{"start":{"line":5,"column":119},"end":{"line":5,"column":135}}],"line":5},"3":{"loc":{"start":{"line":5,"column":89},"end":{"line":5,"column":110}},"type":"binary-expr","locations":[{"start":{"line":5,"column":89},"end":{"line":5,"column":92}},{"start":{"line":5,"column":96},"end":{"line":5,"column":110}}],"line":5},"4":{"loc":{"start":{"line":8,"column":8},"end":{"line":8,"column":79}},"type":"cond-expr","locations":[{"start":{"line":8,"column":71},"end":{"line":8,"column":74}},{"start":{"line":8,"column":77},"end":{"line":8,"column":79}}],"line":8},"5":{"loc":{"start":{"line":8,"column":44},"end":{"line":8,"column":59}},"type":"binary-expr","locations":[{"start":{"line":8,"column":44},"end":{"line":8,"column":47}},{"start":{"line":8,"column":51},"end":{"line":8,"column":59}}],"line":8}},"s":{"0":0,"1":0,"2":0,"3":0,"4":0,"5":0,"6":0,"7":0,"8":0,"9":0,"10":0,"11":0,"12":0,"13":0,"14":0,"15":0,"16":0,"17":0,"18":0,"19":0,"20":0,"21":0,"22":0,"23":0,"24":0,"25":0,"26":0,"27":0,"28":0,"29":0,"30":0,"31":0,"32":0,"33":0,"34":0,"35":0,"36":0,"37":0,"38":0,"39":0,"40":0,"41":0,"42":0,"43":0},"f":{"0":0,"1":0,"2":0,"3":0,"4":0,"5":0,"6":0,"7":0},"b":{"0":[0,0],"1":[0,0],"2":[0,0],"3":[0,0],"4":[0,0],"5":[0,0]}},"/Users/renaudtertrais/beqom/alto-ui/src/Form/Select/Select.js":{"path":"/Users/renaudtertrais/beqom/alto-ui/src/Form/Select/Select.js","statementMap":{"0":{"start":{"line":1,"column":13},"end":{"line":1,"column":75}},"1":{"start":{"line":1,"column":97},"end":{"line":1,"column":1337}},"2":{"start":{"line":1,"column":1357},"end":{"line":1,"column":1615}},"3":{"start":{"line":1,"column":1635},"end":{"line":1,"column":1791}},"4":{"start":{"line":1,"column":1811},"end":{"line":1,"column":1917}},"5":{"start":{"line":1,"column":1931},"end":{"line":1,"column":1947}},"6":{"start":{"line":1,"column":1962},"end":{"line":1,"column":1992}},"7":{"start":{"line":2,"column":17},"end":{"line":2,"column":38}},"8":{"start":{"line":2,"column":57},"end":{"line":2,"column":91}},"9":{"start":{"line":3,"column":24},"end":{"line":3,"column":52}},"10":{"start":{"line":3,"column":78},"end":{"line":3,"column":119}},"11":{"start":{"line":4,"column":15},"end":{"line":4,"column":40}},"12":{"start":{"line":4,"column":57},"end":{"line":4,"column":89}},"13":{"start":{"line":6,"column":13},"end":{"line":6,"column":43}},"14":{"start":{"line":7,"column":19},"end":{"line":7,"column":44}},"15":{"start":{"line":7,"column":65},"end":{"line":7,"column":101}},"16":{"start":{"line":7,"column":140},"end":{"line":7,"column":194}},"17":{"start":{"line":7,"column":242},"end":{"line":7,"column":337}},"18":{"start":{"line":9,"column":15},"end":{"line":10,"column":86}},"19":{"start":{"line":9,"column":36},"end":{"line":9,"column":148}},"20":{"start":{"line":9,"column":120},"end":{"line":9,"column":147}},"21":{"start":{"line":9,"column":148},"end":{"line":10,"column":85}},"22":{"start":{"line":9,"column":171},"end":{"line":10,"column":83}},"23":{"start":{"line":9,"column":196},"end":{"line":10,"column":81}},"24":{"start":{"line":10,"column":37},"end":{"line":10,"column":60}},"25":{"start":{"line":12,"column":16},"end":{"line":62,"column":36}},"26":{"start":{"line":67,"column":0},"end":{"line":67,"column":42}},"27":{"start":{"line":69,"column":20},"end":{"line":88,"column":10}},"28":{"start":{"line":69,"column":53},"end":{"line":88,"column":9}},"29":{"start":{"line":70,"column":4},"end":{"line":86,"column":5}},"30":{"start":{"line":71,"column":6},"end":{"line":82,"column":7}},"31":{"start":{"line":72,"column":8},"end":{"line":78,"column":9}},"32":{"start":{"line":73,"column":10},"end":{"line":75,"column":43}},"33":{"start":{"line":79,"column":8},"end":{"line":80,"column":108}},"34":{"start":{"line":83,"column":6},"end":{"line":84,"column":88}},"35":{"start":{"line":87,"column":4},"end":{"line":87,"column":15}},"36":{"start":{"line":90,"column":13},"end":{"line":93,"column":59}},"37":{"start":{"line":90,"column":37},"end":{"line":93,"column":58}},"38":{"start":{"line":98,"column":0},"end":{"line":98,"column":30}},"39":{"start":{"line":100,"column":0},"end":{"line":102,"column":19}},"40":{"start":{"line":105,"column":0},"end":{"line":113,"column":40}},"41":{"start":{"line":113,"column":40},"end":{"line":119,"column":7}}},"fnMap":{"0":{"name":"_interopRequireDefault","decl":{"start":{"line":7,"column":111},"end":{"line":7,"column":133}},"loc":{"start":{"line":7,"column":139},"end":{"line":7,"column":195}},"line":7},"1":{"name":"_taggedTemplateLiteral","decl":{"start":{"line":7,"column":204},"end":{"line":7,"column":226}},"loc":{"start":{"line":7,"column":241},"end":{"line":7,"column":338}},"line":7},"2":{"name":"modifier","decl":{"start":{"line":9,"column":24},"end":{"line":9,"column":32}},"loc":{"start":{"line":9,"column":35},"end":{"line":10,"column":86}},"line":9},"3":{"name":"(anonymous_3)","decl":{"start":{"line":9,"column":155},"end":{"line":9,"column":156}},"loc":{"start":{"line":9,"column":170},"end":{"line":10,"column":84}},"line":9},"4":{"name":"(anonymous_4)","decl":{"start":{"line":9,"column":178},"end":{"line":9,"column":179}},"loc":{"start":{"line":9,"column":195},"end":{"line":10,"column":82}},"line":9},"5":{"name":"(anonymous_5)","decl":{"start":{"line":10,"column":18},"end":{"line":10,"column":19}},"loc":{"start":{"line":10,"column":36},"end":{"line":10,"column":61}},"line":10},"6":{"name":"renderOptions","decl":{"start":{"line":69,"column":29},"end":{"line":69,"column":42}},"loc":{"start":{"line":69,"column":52},"end":{"line":88,"column":10}},"line":69},"7":{"name":"(anonymous_7)","decl":{"start":{"line":69,"column":75},"end":{"line":69,"column":76}},"loc":{"start":{"line":69,"column":98},"end":{"line":88,"column":3}},"line":69},"8":{"name":"Select","decl":{"start":{"line":90,"column":22},"end":{"line":90,"column":28}},"loc":{"start":{"line":90,"column":36},"end":{"line":93,"column":59}},"line":90}},"branchMap":{"0":{"loc":{"start":{"line":7,"column":147},"end":{"line":7,"column":193}},"type":"cond-expr","locations":[{"start":{"line":7,"column":171},"end":{"line":7,"column":174}},{"start":{"line":7,"column":177},"end":{"line":7,"column":193}}],"line":7},"1":{"loc":{"start":{"line":7,"column":147},"end":{"line":7,"column":168}},"type":"binary-expr","locations":[{"start":{"line":7,"column":147},"end":{"line":7,"column":150}},{"start":{"line":7,"column":154},"end":{"line":7,"column":168}}],"line":7},"2":{"loc":{"start":{"line":10,"column":8},"end":{"line":10,"column":79}},"type":"cond-expr","locations":[{"start":{"line":10,"column":71},"end":{"line":10,"column":74}},{"start":{"line":10,"column":77},"end":{"line":10,"column":79}}],"line":10},"3":{"loc":{"start":{"line":10,"column":44},"end":{"line":10,"column":59}},"type":"binary-expr","locations":[{"start":{"line":10,"column":44},"end":{"line":10,"column":47}},{"start":{"line":10,"column":51},"end":{"line":10,"column":59}}],"line":10},"4":{"loc":{"start":{"line":70,"column":4},"end":{"line":86,"column":5}},"type":"if","locations":[{"start":{"line":70,"column":4},"end":{"line":86,"column":5}},{"start":{"line":70,"column":4},"end":{"line":86,"column":5}}],"line":70},"5":{"loc":{"start":{"line":71,"column":6},"end":{"line":82,"column":7}},"type":"if","locations":[{"start":{"line":71,"column":6},"end":{"line":82,"column":7}},{"start":{"line":71,"column":6},"end":{"line":82,"column":7}}],"line":71},"6":{"loc":{"start":{"line":72,"column":8},"end":{"line":78,"column":9}},"type":"if","locations":[{"start":{"line":72,"column":8},"end":{"line":78,"column":9}},{"start":{"line":72,"column":8},"end":{"line":78,"column":9}}],"line":72},"7":{"loc":{"start":{"line":93,"column":8},"end":{"line":93,"column":54}},"type":"binary-expr","locations":[{"start":{"line":93,"column":8},"end":{"line":93,"column":22}},{"start":{"line":93,"column":26},"end":{"line":93,"column":54}}],"line":93}},"s":{"0":0,"1":0,"2":0,"3":0,"4":0,"5":0,"6":0,"7":0,"8":0,"9":0,"10":0,"11":0,"12":0,"13":0,"14":0,"15":0,"16":0,"17":0,"18":0,"19":0,"20":0,"21":0,"22":0,"23":0,"24":0,"25":0,"26":0,"27":0,"28":0,"29":0,"30":0,"31":0,"32":0,"33":0,"34":0,"35":0,"36":0,"37":0,"38":0,"39":0,"40":0,"41":0},"f":{"0":0,"1":0,"2":0,"3":0,"4":0,"5":0,"6":0,"7":0,"8":0},"b":{"0":[0,0],"1":[0,0],"2":[0,0],"3":[0,0],"4":[0,0],"5":[0,0],"6":[0,0],"7":[0,0]}},"/Users/renaudtertrais/beqom/alto-ui/src/Icons/ChevronDown.js":{"path":"/Users/renaudtertrais/beqom/alto-ui/src/Icons/ChevronDown.js","statementMap":{"0":{"start":{"line":1,"column":13},"end":{"line":1,"column":75}},"1":{"start":{"line":1,"column":90},"end":{"line":1,"column":321}},"2":{"start":{"line":1,"column":126},"end":{"line":1,"column":306}},"3":{"start":{"line":1,"column":183},"end":{"line":1,"column":195}},"4":{"start":{"line":1,"column":196},"end":{"line":1,"column":305}},"5":{"start":{"line":1,"column":221},"end":{"line":1,"column":304}},"6":{"start":{"line":1,"column":277},"end":{"line":1,"column":303}},"7":{"start":{"line":1,"column":306},"end":{"line":1,"column":320}},"8":{"start":{"line":1,"column":335},"end":{"line":1,"column":351}},"9":{"start":{"line":1,"column":366},"end":{"line":1,"column":396}},"10":{"start":{"line":2,"column":12},"end":{"line":2,"column":29}},"11":{"start":{"line":2,"column":43},"end":{"line":2,"column":72}},"12":{"start":{"line":2,"column":111},"end":{"line":2,"column":165}},"13":{"start":{"line":4,"column":18},"end":{"line":10,"column":130}},"14":{"start":{"line":4,"column":47},"end":{"line":10,"column":129}},"15":{"start":{"line":6,"column":27},"end":{"line":10,"column":125}},"16":{"start":{"line":17,"column":0},"end":{"line":17,"column":40}},"17":{"start":{"line":17,"column":40},"end":{"line":19,"column":12}}},"fnMap":{"0":{"name":"(anonymous_0)","decl":{"start":{"line":1,"column":107},"end":{"line":1,"column":108}},"loc":{"start":{"line":1,"column":125},"end":{"line":1,"column":321}},"line":1},"1":{"name":"_interopRequireDefault","decl":{"start":{"line":2,"column":82},"end":{"line":2,"column":104}},"loc":{"start":{"line":2,"column":110},"end":{"line":2,"column":166}},"line":2},"2":{"name":"ChevronDown","decl":{"start":{"line":4,"column":27},"end":{"line":4,"column":38}},"loc":{"start":{"line":4,"column":46},"end":{"line":10,"column":130}},"line":4},"3":{"name":"(anonymous_3)","decl":{"start":{"line":6,"column":6},"end":{"line":6,"column":7}},"loc":{"start":{"line":6,"column":26},"end":{"line":10,"column":126}},"line":6}},"branchMap":{"0":{"loc":{"start":{"line":1,"column":90},"end":{"line":1,"column":321}},"type":"binary-expr","locations":[{"start":{"line":1,"column":90},"end":{"line":1,"column":103}},{"start":{"line":1,"column":107},"end":{"line":1,"column":321}}],"line":1},"1":{"loc":{"start":{"line":1,"column":221},"end":{"line":1,"column":304}},"type":"if","locations":[{"start":{"line":1,"column":221},"end":{"line":1,"column":304}},{"start":{"line":1,"column":221},"end":{"line":1,"column":304}}],"line":1},"2":{"loc":{"start":{"line":2,"column":118},"end":{"line":2,"column":164}},"type":"cond-expr","locations":[{"start":{"line":2,"column":142},"end":{"line":2,"column":145}},{"start":{"line":2,"column":148},"end":{"line":2,"column":164}}],"line":2},"3":{"loc":{"start":{"line":2,"column":118},"end":{"line":2,"column":139}},"type":"binary-expr","locations":[{"start":{"line":2,"column":118},"end":{"line":2,"column":121}},{"start":{"line":2,"column":125},"end":{"line":2,"column":139}}],"line":2}},"s":{"0":0,"1":0,"2":0,"3":0,"4":0,"5":0,"6":0,"7":0,"8":0,"9":0,"10":0,"11":0,"12":0,"13":0,"14":0,"15":0,"16":0,"17":0},"f":{"0":0,"1":0,"2":0,"3":0},"b":{"0":[0,0],"1":[0,0],"2":[0,0],"3":[0,0]}},"/Users/renaudtertrais/beqom/alto-ui/src/Icons/Bolt.js":{"path":"/Users/renaudtertrais/beqom/alto-ui/src/Icons/Bolt.js","statementMap":{"0":{"start":{"line":1,"column":13},"end":{"line":1,"column":75}},"1":{"start":{"line":1,"column":90},"end":{"line":1,"column":321}},"2":{"start":{"line":1,"column":126},"end":{"line":1,"column":306}},"3":{"start":{"line":1,"column":183},"end":{"line":1,"column":195}},"4":{"start":{"line":1,"column":196},"end":{"line":1,"column":305}},"5":{"start":{"line":1,"column":221},"end":{"line":1,"column":304}},"6":{"start":{"line":1,"column":277},"end":{"line":1,"column":303}},"7":{"start":{"line":1,"column":306},"end":{"line":1,"column":320}},"8":{"start":{"line":1,"column":335},"end":{"line":1,"column":351}},"9":{"start":{"line":1,"column":366},"end":{"line":1,"column":396}},"10":{"start":{"line":2,"column":17},"end":{"line":2,"column":38}},"11":{"start":{"line":2,"column":57},"end":{"line":2,"column":91}},"12":{"start":{"line":3,"column":12},"end":{"line":3,"column":29}},"13":{"start":{"line":3,"column":43},"end":{"line":3,"column":72}},"14":{"start":{"line":3,"column":111},"end":{"line":3,"column":165}},"15":{"start":{"line":5,"column":18},"end":{"line":5,"column":289}},"16":{"start":{"line":6,"column":16},"end":{"line":6,"column":228}},"17":{"start":{"line":8,"column":11},"end":{"line":13,"column":65}},"18":{"start":{"line":8,"column":33},"end":{"line":13,"column":64}},"19":{"start":{"line":10,"column":27},"end":{"line":13,"column":60}},"20":{"start":{"line":19,"column":0},"end":{"line":19,"column":26}},"21":{"start":{"line":21,"column":0},"end":{"line":22,"column":19}},"22":{"start":{"line":25,"column":0},"end":{"line":26,"column":38}},"23":{"start":{"line":26,"column":38},"end":{"line":29,"column":5}}},"fnMap":{"0":{"name":"(anonymous_0)","decl":{"start":{"line":1,"column":107},"end":{"line":1,"column":108}},"loc":{"start":{"line":1,"column":125},"end":{"line":1,"column":321}},"line":1},"1":{"name":"_interopRequireDefault","decl":{"start":{"line":3,"column":82},"end":{"line":3,"column":104}},"loc":{"start":{"line":3,"column":110},"end":{"line":3,"column":166}},"line":3},"2":{"name":"Bolt","decl":{"start":{"line":8,"column":20},"end":{"line":8,"column":24}},"loc":{"start":{"line":8,"column":32},"end":{"line":13,"column":65}},"line":8},"3":{"name":"(anonymous_3)","decl":{"start":{"line":10,"column":6},"end":{"line":10,"column":7}},"loc":{"start":{"line":10,"column":26},"end":{"line":13,"column":61}},"line":10}},"branchMap":{"0":{"loc":{"start":{"line":1,"column":90},"end":{"line":1,"column":321}},"type":"binary-expr","locations":[{"start":{"line":1,"column":90},"end":{"line":1,"column":103}},{"start":{"line":1,"column":107},"end":{"line":1,"column":321}}],"line":1},"1":{"loc":{"start":{"line":1,"column":221},"end":{"line":1,"column":304}},"type":"if","locations":[{"start":{"line":1,"column":221},"end":{"line":1,"column":304}},{"start":{"line":1,"column":221},"end":{"line":1,"column":304}}],"line":1},"2":{"loc":{"start":{"line":3,"column":118},"end":{"line":3,"column":164}},"type":"cond-expr","locations":[{"start":{"line":3,"column":142},"end":{"line":3,"column":145}},{"start":{"line":3,"column":148},"end":{"line":3,"column":164}}],"line":3},"3":{"loc":{"start":{"line":3,"column":118},"end":{"line":3,"column":139}},"type":"binary-expr","locations":[{"start":{"line":3,"column":118},"end":{"line":3,"column":121}},{"start":{"line":3,"column":125},"end":{"line":3,"column":139}}],"line":3},"4":{"loc":{"start":{"line":13,"column":15},"end":{"line":13,"column":54}},"type":"cond-expr","locations":[{"start":{"line":13,"column":31},"end":{"line":13,"column":42}},{"start":{"line":13,"column":45},"end":{"line":13,"column":54}}],"line":13}},"s":{"0":0,"1":0,"2":0,"3":0,"4":0,"5":0,"6":0,"7":0,"8":0,"9":0,"10":0,"11":0,"12":0,"13":0,"14":0,"15":0,"16":0,"17":0,"18":0,"19":0,"20":0,"21":0,"22":0,"23":0},"f":{"0":0,"1":0,"2":0,"3":0},"b":{"0":[0,0],"1":[0,0],"2":[0,0],"3":[0,0],"4":[0,0]}},"/Users/renaudtertrais/beqom/alto-ui/src/AltoUIRoot/AltoUIRoot.js":{"path":"/Users/renaudtertrais/beqom/alto-ui/src/AltoUIRoot/AltoUIRoot.js","statementMap":{"0":{"start":{"line":1,"column":13},"end":{"line":1,"column":75}},"1":{"start":{"line":1,"column":94},"end":{"line":1,"column":623}},"2":{"start":{"line":1,"column":149},"end":{"line":1,"column":414}},"3":{"start":{"line":1,"column":206},"end":{"line":1,"column":214}},"4":{"start":{"line":1,"column":215},"end":{"line":1,"column":270}},"5":{"start":{"line":1,"column":270},"end":{"line":1,"column":301}},"6":{"start":{"line":1,"column":301},"end":{"line":1,"column":355}},"7":{"start":{"line":1,"column":328},"end":{"line":1,"column":355}},"8":{"start":{"line":1,"column":355},"end":{"line":1,"column":413}},"9":{"start":{"line":1,"column":415},"end":{"line":1,"column":620}},"10":{"start":{"line":1,"column":471},"end":{"line":1,"column":539}},"11":{"start":{"line":1,"column":487},"end":{"line":1,"column":539}},"12":{"start":{"line":1,"column":539},"end":{"line":1,"column":599}},"13":{"start":{"line":1,"column":556},"end":{"line":1,"column":599}},"14":{"start":{"line":1,"column":599},"end":{"line":1,"column":618}},"15":{"start":{"line":1,"column":637},"end":{"line":1,"column":653}},"16":{"start":{"line":1,"column":668},"end":{"line":1,"column":698}},"17":{"start":{"line":2,"column":17},"end":{"line":2,"column":38}},"18":{"start":{"line":2,"column":57},"end":{"line":2,"column":91}},"19":{"start":{"line":3,"column":24},"end":{"line":3,"column":52}},"20":{"start":{"line":5,"column":13},"end":{"line":5,"column":32}},"21":{"start":{"line":5,"column":47},"end":{"line":5,"column":77}},"22":{"start":{"line":6,"column":14},"end":{"line":6,"column":41}},"23":{"start":{"line":6,"column":80},"end":{"line":6,"column":134}},"24":{"start":{"line":6,"column":184},"end":{"line":6,"column":283}},"25":{"start":{"line":6,"column":225},"end":{"line":6,"column":282}},"26":{"start":{"line":6,"column":333},"end":{"line":6,"column":432}},"27":{"start":{"line":6,"column":345},"end":{"line":6,"column":431}},"28":{"start":{"line":6,"column":432},"end":{"line":6,"column":518}},"29":{"start":{"line":6,"column":561},"end":{"line":6,"column":724}},"30":{"start":{"line":6,"column":623},"end":{"line":6,"column":723}},"31":{"start":{"line":6,"column":724},"end":{"line":6,"column":888}},"32":{"start":{"line":6,"column":888},"end":{"line":6,"column":1006}},"33":{"start":{"line":6,"column":904},"end":{"line":6,"column":1006}},"34":{"start":{"line":8,"column":19},"end":{"line":8,"column":155}},"35":{"start":{"line":21,"column":13},"end":{"line":62,"column":60}},"36":{"start":{"line":21,"column":46},"end":{"line":21,"column":90}},"37":{"start":{"line":22,"column":30},"end":{"line":22,"column":64}},"38":{"start":{"line":22,"column":76},"end":{"line":23,"column":11}},"39":{"start":{"line":25,"column":4},"end":{"line":25,"column":22}},"40":{"start":{"line":25,"column":22},"end":{"line":25,"column":35}},"41":{"start":{"line":26,"column":3},"end":{"line":62,"column":10}},"42":{"start":{"line":29,"column":6},"end":{"line":29,"column":16}},"43":{"start":{"line":29,"column":25},"end":{"line":29,"column":37}},"44":{"start":{"line":29,"column":49},"end":{"line":29,"column":64}},"45":{"start":{"line":30,"column":16},"end":{"line":36,"column":129}},"46":{"start":{"line":41,"column":15},"end":{"line":41,"column":36}},"47":{"start":{"line":42,"column":21},"end":{"line":42,"column":48}},"48":{"start":{"line":44,"column":6},"end":{"line":52,"column":7}},"49":{"start":{"line":45,"column":8},"end":{"line":45,"column":33}},"50":{"start":{"line":47,"column":26},"end":{"line":47,"column":57}},"51":{"start":{"line":48,"column":8},"end":{"line":48,"column":28}},"52":{"start":{"line":49,"column":8},"end":{"line":49,"column":38}},"53":{"start":{"line":50,"column":8},"end":{"line":50,"column":62}},"54":{"start":{"line":51,"column":8},"end":{"line":51,"column":47}},"55":{"start":{"line":56,"column":6},"end":{"line":56,"column":16}},"56":{"start":{"line":56,"column":28},"end":{"line":56,"column":44}},"57":{"start":{"line":56,"column":53},"end":{"line":56,"column":66}},"58":{"start":{"line":57,"column":6},"end":{"line":59,"column":21}},"59":{"start":{"line":62,"column":10},"end":{"line":62,"column":28}},"60":{"start":{"line":66,"column":0},"end":{"line":68,"column":20}},"61":{"start":{"line":71,"column":0},"end":{"line":74,"column":39}},"62":{"start":{"line":74,"column":39},"end":{"line":77,"column":11}}},"fnMap":{"0":{"name":"(anonymous_0)","decl":{"start":{"line":1,"column":94},"end":{"line":1,"column":95}},"loc":{"start":{"line":1,"column":106},"end":{"line":1,"column":621}},"line":1},"1":{"name":"defineProperties","decl":{"start":{"line":1,"column":116},"end":{"line":1,"column":132}},"loc":{"start":{"line":1,"column":148},"end":{"line":1,"column":415}},"line":1},"2":{"name":"(anonymous_2)","decl":{"start":{"line":1,"column":422},"end":{"line":1,"column":423}},"loc":{"start":{"line":1,"column":470},"end":{"line":1,"column":619}},"line":1},"3":{"name":"_interopRequireDefault","decl":{"start":{"line":6,"column":51},"end":{"line":6,"column":73}},"loc":{"start":{"line":6,"column":79},"end":{"line":6,"column":135}},"line":6},"4":{"name":"_classCallCheck","decl":{"start":{"line":6,"column":144},"end":{"line":6,"column":159}},"loc":{"start":{"line":6,"column":183},"end":{"line":6,"column":284}},"line":6},"5":{"name":"_possibleConstructorReturn","decl":{"start":{"line":6,"column":293},"end":{"line":6,"column":319}},"loc":{"start":{"line":6,"column":332},"end":{"line":6,"column":519}},"line":6},"6":{"name":"_inherits","decl":{"start":{"line":6,"column":528},"end":{"line":6,"column":537}},"loc":{"start":{"line":6,"column":560},"end":{"line":6,"column":1007}},"line":6},"7":{"name":"(anonymous_7)","decl":{"start":{"line":21,"column":13},"end":{"line":21,"column":14}},"loc":{"start":{"line":21,"column":45},"end":{"line":62,"column":29}},"line":21},"8":{"name":"AltoUIRoot","decl":{"start":{"line":22,"column":11},"end":{"line":22,"column":21}},"loc":{"start":{"line":22,"column":29},"end":{"line":26,"column":3}},"line":22},"9":{"name":"addStyles","decl":{"start":{"line":26,"column":65},"end":{"line":26,"column":74}},"loc":{"start":{"line":28,"column":4},"end":{"line":53,"column":5}},"line":28},"10":{"name":"render","decl":{"start":{"line":53,"column":42},"end":{"line":53,"column":48}},"loc":{"start":{"line":55,"column":4},"end":{"line":62,"column":5}},"line":55}},"branchMap":{"0":{"loc":{"start":{"line":1,"column":239},"end":{"line":1,"column":269}},"type":"binary-expr","locations":[{"start":{"line":1,"column":239},"end":{"line":1,"column":260}},{"start":{"line":1,"column":264},"end":{"line":1,"column":269}}],"line":1},"1":{"loc":{"start":{"line":1,"column":301},"end":{"line":1,"column":355}},"type":"if","locations":[{"start":{"line":1,"column":301},"end":{"line":1,"column":355}},{"start":{"line":1,"column":301},"end":{"line":1,"column":355}}],"line":1},"2":{"loc":{"start":{"line":1,"column":471},"end":{"line":1,"column":539}},"type":"if","locations":[{"start":{"line":1,"column":471},"end":{"line":1,"column":539}},{"start":{"line":1,"column":471},"end":{"line":1,"column":539}}],"line":1},"3":{"loc":{"start":{"line":1,"column":539},"end":{"line":1,"column":599}},"type":"if","locations":[{"start":{"line":1,"column":539},"end":{"line":1,"column":599}},{"start":{"line":1,"column":539},"end":{"line":1,"column":599}}],"line":1},"4":{"loc":{"start":{"line":6,"column":87},"end":{"line":6,"column":133}},"type":"cond-expr","locations":[{"start":{"line":6,"column":111},"end":{"line":6,"column":114}},{"start":{"line":6,"column":117},"end":{"line":6,"column":133}}],"line":6},"5":{"loc":{"start":{"line":6,"column":87},"end":{"line":6,"column":108}},"type":"binary-expr","locations":[{"start":{"line":6,"column":87},"end":{"line":6,"column":90}},{"start":{"line":6,"column":94},"end":{"line":6,"column":108}}],"line":6},"6":{"loc":{"start":{"line":6,"column":184},"end":{"line":6,"column":283}},"type":"if","locations":[{"start":{"line":6,"column":184},"end":{"line":6,"column":283}},{"start":{"line":6,"column":184},"end":{"line":6,"column":283}}],"line":6},"7":{"loc":{"start":{"line":6,"column":333},"end":{"line":6,"column":432}},"type":"if","locations":[{"start":{"line":6,"column":333},"end":{"line":6,"column":432}},{"start":{"line":6,"column":333},"end":{"line":6,"column":432}}],"line":6},"8":{"loc":{"start":{"line":6,"column":439},"end":{"line":6,"column":
[...]
art":{"line":142,"column":27},"end":{"line":158,"column":32}},"96":{"start":{"line":163,"column":25},"end":{"line":166,"column":52}},"97":{"start":{"line":169,"column":29},"end":{"line":173,"column":35}},"98":{"start":{"line":180,"column":30},"end":{"line":181,"column":30}},"99":{"start":{"line":187,"column":32},"end":{"line":189,"column":30}},"100":{"start":{"line":193,"column":25},"end":{"line":198,"column":76}},"101":{"start":{"line":198,"column":18},"end":{"line":198,"column":74}},"102":{"start":{"line":201,"column":25},"end":{"line":201,"column":145}},"103":{"start":{"line":201,"column":65},"end":{"line":201,"column":144}},"104":{"start":{"line":208,"column":10},"end":{"line":330,"column":57}},"105":{"start":{"line":208,"column":43},"end":{"line":208,"column":84}},"106":{"start":{"line":209,"column":27},"end":{"line":209,"column":58}},"107":{"start":{"line":209,"column":70},"end":{"line":210,"column":11}},"108":{"start":{"line":212,"column":4},"end":{"line":215,"column":30}},"109":{"start":{"line":218,"column":4},"end":{"line":218,"column":56}},"110":{"start":{"line":219,"column":4},"end":{"line":219,"column":64}},"111":{"start":{"line":220,"column":4},"end":{"line":220,"column":72}},"112":{"start":{"line":220,"column":72},"end":{"line":220,"column":85}},"113":{"start":{"line":221,"column":3},"end":{"line":330,"column":10}},"114":{"start":{"line":224,"column":6},"end":{"line":224,"column":104}},"115":{"start":{"line":224,"column":53},"end":{"line":224,"column":67}},"116":{"start":{"line":224,"column":68},"end":{"line":224,"column":101}},"117":{"start":{"line":228,"column":6},"end":{"line":241,"column":7}},"118":{"start":{"line":229,"column":8},"end":{"line":232,"column":30}},"119":{"start":{"line":229,"column":35},"end":{"line":232,"column":27}},"120":{"start":{"line":236,"column":8},"end":{"line":238,"column":52}},"121":{"start":{"line":236,"column":64},"end":{"line":236,"column":87}},"122":{"start":{"line":236,"column":88},"end":{"line":238,"column":49}},"123":{"start":{"line":245,"column":6},"end":{"line":245,"column":86}},"124":{"start":{"line":245,"column":49},"end":{"line":245,"column":59}},"125":{"start":{"line":245,"column":60},"end":{"line":245,"column":83}},"126":{"start":{"line":248,"column":31},"end":{"line":248,"column":35}},"127":{"start":{"line":251,"column":6},"end":{"line":260,"column":23}},"128":{"start":{"line":251,"column":40},"end":{"line":260,"column":20}},"129":{"start":{"line":266,"column":18},"end":{"line":266,"column":22}},"130":{"start":{"line":267,"column":18},"end":{"line":267,"column":38}},"131":{"start":{"line":269,"column":6},"end":{"line":296,"column":9}},"132":{"start":{"line":270,"column":19},"end":{"line":270,"column":90}},"133":{"start":{"line":271,"column":21},"end":{"line":271,"column":118}},"134":{"start":{"line":271,"column":67},"end":{"line":271,"column":76}},"135":{"start":{"line":271,"column":77},"end":{"line":271,"column":116}},"136":{"start":{"line":272,"column":8},"end":{"line":292,"column":60}},"137":{"start":{"line":275,"column":45},"end":{"line":275,"column":91}},"138":{"start":{"line":300,"column":6},"end":{"line":300,"column":16}},"139":{"start":{"line":300,"column":29},"end":{"line":300,"column":45}},"140":{"start":{"line":300,"column":53},"end":{"line":300,"column":64}},"141":{"start":{"line":309,"column":6},"end":{"line":309,"column":16}},"142":{"start":{"line":309,"column":37},"end":{"line":309,"column":61}},"143":{"start":{"line":309,"column":84},"end":{"line":309,"column":110}},"144":{"start":{"line":309,"column":121},"end":{"line":309,"column":135}},"145":{"start":{"line":309,"column":148},"end":{"line":309,"column":164}},"146":{"start":{"line":309,"column":172},"end":{"line":309,"column":183}},"147":{"start":{"line":309,"column":206},"end":{"line":309,"column":232}},"148":{"start":{"line":309,"column":256},"end":{"line":309,"column":283}},"149":{"start":{"line":310,"column":6},"end":{"line":326,"column":130}},"150":{"start":{"line":330,"column":10},"end":{"line":330,"column":25}},"151":{"start":{"line":333,"column":0},"end":{"line":333,"column":32}},"152":{"start":{"line":335,"column":0},"end":{"line":337,"column":148}},"153":{"start":{"line":337,"column":55},"end":{"line":337,"column":144}},"154":{"start":{"line":340,"column":0},"end":{"line":362,"column":15}},"155":{"start":{"line":362,"column":15},"end":{"line":365,"column":8}}},"fnMap":{"0":{"name":"(anonymous_0)","decl":{"start":{"line":1,"column":107},"end":{"line":1,"column":108}},"loc":{"start":{"line":1,"column":125},"end":{"line":1,"column":321}},"line":1},"1":{"name":"(anonymous_1)","decl":{"start":{"line":1,"column":341},"end":{"line":1,"column":342}},"loc":{"start":{"line":1,"column":353},"end":{"line":1,"column":868}},"line":1},"2":{"name":"defineProperties","decl":{"start":{"line":1,"column":363},"end":{"line":1,"column":379}},"loc":{"start":{"line":1,"column":395},"end":{"line":1,"column":662}},"line":1},"3":{"name":"(anonymous_3)","decl":{"start":{"line":1,"column":669},"end":{"line":1,"column":670}},"loc":{"start":{"line":1,"column":717},"end":{"line":1,"column":866}},"line":1},"4":{"name":"_interopRequireDefault","decl":{"start":{"line":10,"column":91},"end":{"line":10,"column":113}},"loc":{"start":{"line":10,"column":119},"end":{"line":10,"column":175}},"line":10},"5":{"name":"_defineProperty","decl":{"start":{"line":10,"column":184},"end":{"line":10,"column":199}},"loc":{"start":{"line":10,"column":217},"end":{"line":10,"column":377}},"line":10},"6":{"name":"_classCallCheck","decl":{"start":{"line":10,"column":386},"end":{"line":10,"column":401}},"loc":{"start":{"line":10,"column":425},"end":{"line":10,"column":526}},"line":10},"7":{"name":"_possibleConstructorReturn","decl":{"start":{"line":10,"column":535},"end":{"line":10,"column":561}},"loc":{"start":{"line":10,"column":574},"end":{"line":10,"column":761}},"line":10},"8":{"name":"_inherits","decl":{"start":{"line":10,"column":770},"end":{"line":10,"column":779}},"loc":{"start":{"line":10,"column":802},"end":{"line":10,"column":1249}},"line":10},"9":{"name":"_taggedTemplateLiteral","decl":{"start":{"line":10,"column":1258},"end":{"line":10,"column":1280}},"loc":{"start":{"line":10,"column":1295},"end":{"line":10,"column":1392}},"line":10},"10":{"name":"modifier","decl":{"start":{"line":12,"column":24},"end":{"line":12,"column":32}},"loc":{"start":{"line":12,"column":35},"end":{"line":13,"column":86}},"line":12},"11":{"name":"(anonymous_11)","decl":{"start":{"line":12,"column":155},"end":{"line":12,"column":156}},"loc":{"start":{"line":12,"column":170},"end":{"line":13,"column":84}},"line":12},"12":{"name":"(anonymous_12)","decl":{"start":{"line":12,"column":178},"end":{"line":12,"column":179}},"loc":{"start":{"line":12,"column":195},"end":{"line":13,"column":82}},"line":12},"13":{"name":"(anonymous_13)","decl":{"start":{"line":13,"column":18},"end":{"line":13,"column":19}},"loc":{"start":{"line":13,"column":36},"end":{"line":13,"column":61}},"line":13},"14":{"name":"(anonymous_14)","decl":{"start":{"line":22,"column":0},"end":{"line":22,"column":1}},"loc":{"start":{"line":22,"column":17},"end":{"line":22,"column":88}},"line":22},"15":{"name":"(anonymous_15)","decl":{"start":{"line":198,"column":0},"end":{"line":198,"column":1}},"loc":{"start":{"line":198,"column":17},"end":{"line":198,"column":75}},"line":198},"16":{"name":"styleLinkComponent","decl":{"start":{"line":201,"column":34},"end":{"line":201,"column":52}},"loc":{"start":{"line":201,"column":64},"end":{"line":201,"column":145}},"line":201},"17":{"name":"(anonymous_17)","decl":{"start":{"line":208,"column":10},"end":{"line":208,"column":11}},"loc":{"start":{"line":208,"column":42},"end":{"line":330,"column":26}},"line":208},"18":{"name":"SideNav","decl":{"start":{"line":209,"column":11},"end":{"line":209,"column":18}},"loc":{"start":{"line":209,"column":26},"end":{"line":221,"column":3}},"line":209},"19":{"name":"handleToggle","decl":{"start":{"line":221,"column":65},"end":{"line":221,"column":77}},"loc":{"start":{"line":223,"column":4},"end":{"line":225,"column":5}},"line":223},"20":{"name":"(anonymous_20)","decl":{"start":{"line":224,"column":20},"end":{"line":224,"column":21}},"loc":{"start":{"line":224,"column":36},"end":{"line":224,"column":102}},"line":224},"21":{"name":"handleToggleSection","decl":{"start":{"line":225,"column":55},"end":{"line":225,"column":74}},"loc":{"start":{"line":227,"column":11},"end":{"line":242,"column":5}},"line":227},"22":{"name":"(anonymous_22)","decl":{"start":{"line":229,"column":22},"end":{"line":229,"column":23}},"loc":{"start":{"line":229,"column":34},"end":{"line":232,"column":28}},"line":229},"23":{"name":"(anonymous_23)","decl":{"start":{"line":236,"column":22},"end":{"line":236,"column":23}},"loc":{"start":{"line":236,"column":39},"end":{"line":238,"column":50}},"line":236},"24":{"name":"handleToggleOpen","decl":{"start":{"line":242,"column":52},"end":{"line":242,"column":68}},"loc":{"start":{"line":244,"column":4},"end":{"line":246,"column":5}},"line":244},"25":{"name":"(anonymous_25)","decl":{"start":{"line":245,"column":20},"end":{"line":245,"column":21}},"loc":{"start":{"line":245,"column":37},"end":{"line":245,"column":84}},"line":245},"26":{"name":"renderNavSubItems","decl":{"start":{"line":246,"column":53},"end":{"line":246,"column":70}},"loc":{"start":{"line":248,"column":17},"end":{"line":264,"column":5}},"line":248},"27":{"name":"(anonymous_27)","decl":{"start":{"line":251,"column":23},"end":{"line":251,"column":24}},"loc":{"start":{"line":251,"column":39},"end":{"line":260,"column":21}},"line":251},"28":{"name":"renderNavItems","decl":{"start":{"line":264,"column":50},"end":{"line":264,"column":64}},"loc":{"start":{"line":266,"column":4},"end":{"line":297,"column":5}},"line":266},"29":{"name":"(anonymous_29)","decl":{"start":{"line":269,"column":34},"end":{"line":269,"column":35}},"loc":{"start":{"line":269,"column":50},"end":{"line":296,"column":7}},"line":269},"30":{"name":"(anonymous_30)","decl":{"start":{"line":271,"column":39},"end":{"line":271,"column":40}},"loc":{"start":{"line":271,"column":56},"end":{"line":271,"column":117}},"line":271},"31":{"name":"onClick","decl":{"start":{"line":275,"column":34},"end":{"line":275,"column":41}},"loc":{"start":{"line":275,"column":44},"end":{"line":275,"column":92}},"line":275},"32":{"name":"render","decl":{"start":{"line":297,"column":42},"end":{"line":297,"column":48}},"loc":{"start":{"line":299,"column":4},"end":{"line":330,"column":5}},"line":299},"33":{"name":"children","decl":{"start":{"line":337,"column":21},"end":{"line":337,"column":29}},"loc":{"start":{"line":337,"column":54},"end":{"line":337,"column":145}},"line":337}},"branchMap":{"0":{"loc":{"start":{"line":1,"column":90},"end":{"line":1,"column":321}},"type":"binary-expr","locations":[{"start":{"line":1,"column":90},"end":{"line":1,"column":103}},{"start":{"line":1,"column":107},"end":{"line":1,"column":321}}],"line":1},"1":{"loc":{"start":{"line":1,"column":221},"end":{"line":1,"column":304}},"type":"if","locations":[{"start":{"line":1,"column":221},"end":{"line":1,"column":304}},{"start":{"line":1,"column":221},"end":{"line":1,"column":304}}],"line":1},"2":{"loc":{"start":{"line":1,"column":486},"end":{"line":1,"column":516}},"type":"binary-expr","locations":[{"start":{"line":1,"column":486},"end":{"line":1,"column":507}},{"start":{"line":1,"column":511},"end":{"line":1,"column":516}}],"line":1},"3":{"loc":{"start":{"line":1,"column":548},"end":{"line":1,"column":602}},"type":"if","locations":[{"start":{"line":1,"column":548},"end":{"line":1,"column":602}},{"start":{"line":1,"column":548},"end":{"line":1,"column":602}}],"line":1},"4":{"loc":{"start":{"line":1,"column":718},"end":{"line":1,"column":786}},"type":"if","locations":[{"start":{"line":1,"column":718},"end":{"line":1,"column":786}},{"start":{"line":1,"column":718},"end":{"line":1,"column":786}}],"line":1},"5":{"loc":{"start":{"line":1,"column":786},"end":{"line":1,"column":846}},"type":"if","locations":[{"start":{"line":1,"column":786},"end":{"line":1,"column":846}},{"start":{"line":1,"column":786},"end":{"line":1,"column":846}}],"line":1},"6":{"loc":{"start":{"line":10,"column":127},"end":{"line":10,"column":173}},"type":"cond-expr","locations":[{"start":{"line":10,"column":151},"end":{"line":10,"column":154}},{"start":{"line":10,"column":157},"end":{"line":10,"column":173}}],"line":10},"7":{"loc":{"start":{"line":10,"column":127},"end":{"line":10,"column":148}},"type":"binary-expr","locations":[{"start":{"line":10,"column":127},"end":{"line":10,"column":130}},{"start":{"line":10,"column":134},"end":{"line":10,"column":148}}],"line":10},"8":{"loc":{"start":{"line":10,"column":218},"end":{"line":10,"column":365}},"type":"if","locations":[{"start":{"line":10,"column":218},"end":{"line":10,"column":365}},{"start":{"line":10,"column":218},"end":{"line":10,"column":365}}],"line":10},"9":{"loc":{"start":{"line":10,"column":426},"end":{"line":10,"column":525}},"type":"if","locations":[{"start":{"line":10,"column":426},"end":{"line":10,"column":525}},{"start":{"line":10,"column":426},"end":{"line":10,"column":525}}],"line":10},"10":{"loc":{"start":{"line":10,"column":575},"end":{"line":10,"column":674}},"type":"if","locations":[{"start":{"line":10,"column":575},"end":{"line":10,"column":674}},{"start":{"line":10,"column":575},"end":{"line":10,"column":674}}],"line":10},"11":{"loc":{"start":{"line":10,"column":681},"end":{"line":10,"column":759}},"type":"cond-expr","locations":[{"start":{"line":10,"column":748},"end":{"line":10,"column":752}},{"start":{"line":10,"column":755},"end":{"line":10,"column":759}}],"line":10},"12":{"loc":{"start":{"line":10,"column":681},"end":{"line":10,"column":745}},"type":"binary-expr","locations":[{"start":{"line":10,"column":681},"end":{"line":10,"column":685}},{"start":{"line":10,"column":690},"end":{"line":10,"column":714}},{"start":{"line":10,"column":718},"end":{"line":10,"column":744}}],"line":10},"13":{"loc":{"start":{"line":10,"column":803},"end":{"line":10,"column":966}},"type":"if","locations":[{"start":{"line":10,"column":803},"end":{"line":10,"column":966}},{"start":{"line":10,"column":803},"end":{"line":10,"column":966}}],"line":10},"14":{"loc":{"start":{"line":10,"column":807},"end":{"line":10,"column":862}},"type":"binary-expr","locations":[{"start":{"line":10,"column":807},"end":{"line":10,"column":839}},{"start":{"line":10,"column":843},"end":{"line":10,"column":862}}],"line":10},"15":{"loc":{"start":{"line":10,"column":1001},"end":{"line":10,"column":1035}},"type":"binary-expr","locations":[{"start":{"line":10,"column":1001},"end":{"line":10,"column":1011}},{"start":{"line":10,"column":1015},"end":{"line":10,"column":1035}}],"line":10},"16":{"loc":{"start":{"line":10,"column":1130},"end":{"line":10,"column":1248}},"type":"if","locations":[{"start":{"line":10,"column":1130},"end":{"line":10,"column":1248}},{"start":{"line":10,"column":1130},"end":{"line":10,"column":1248}}],"line":10},"17":{"loc":{"start":{"line":10,"column":1146},"end":{"line":10,"column":1247}},"type":"cond-expr","locations":[{"start":{"line":10,"column":1170},"end":{"line":10,"column":1213}},{"start":{"line":10,"column":1216},"end":{"line":10,"column":1247}}],"line":10},"18":{"loc":{"start":{"line":13,"column":8},"end":{"line":13,"column":79}},"type":"cond-expr","locations":[{"start":{"line":13,"column":71},"end":{"line":13,"column":74}},{"start":{"line":13,"column":77},"end":{"line":13,"column":79}}],"line":13},"19":{"loc":{"start":{"line":13,"column":44},"end":{"line":13,"column":59}},"type":"binary-expr","locations":[{"start":{"line":13,"column":44},"end":{"line":13,"column":47}},{"start":{"line":13,"column":51},"end":{"line":13,"column":59}}],"line":13},"20":{"loc":{"start":{"line":22,"column":25},"end":{"line":22,"column":86}},"type":"binary-expr","locations":[{"start":{"line":22,"column":25},"end":{"line":22,"column":38}},{"start":{"line":22,"column":42},"end":{"line":22,"column":86}}],"line":22},"21":{"loc":{"start":{"line":198,"column":25},"end":{"line":198,"column":73}},"type":"cond-expr","locations":[{"start":{"line":198,"column":38},"end":{"line":198,"column":69}},{"start":{"line":198,"column":72},"end":{"line":198,"column":73}}],"line":198},"22":{"loc":{"start":{"line":209,"column":104},"end":{"line":209,"column":155}},"type":"binary-expr","locations":[{"start":{"line":209,"column":104},"end":{"line":209,"column":121}},{"start":{"line":209,"column":125},"end":{"line":209,"column":155}}],"line":209},"23":{"loc":{"start":{"line":228,"column":6},"end":{"line":241,"column":7}},"type":"if","locations":[{"start":{"line":228,"column":6},"end":{"line":241,"column":7}},{"start":{"line":228,"column":6},"end":{"line":241,"column":7}}],"line":228},"24":{"loc":{"start":{"line":256,"column":24},"end":{"line":256,"column":37}},"type":"cond-expr","locations":[{"start":{"line":256,"column":31},"end":{"line":256,"column":32}},{"start":{"line":256,"column":35},"end":{"line":256,"column":37}}],"line":256},"25":{"loc":{"start":{"line":270,"column":19},"end":{"line":270,"column":90}},"type":"binary-expr","locations":[{"start":{"line":270,"column":19},"end":{"line":270,"column":42}},{"start":{"line":270,"column":46},"end":{"line":270,"column":90}}],"line":270},"26":{"loc":{"start":{"line":280,"column":16},"end":{"line":282,"column":78}},"type":"binary-expr","locations":[{"start":{"line":280,"column":16},"end":{"line":280,"column":25}},{"start":{"line":281,"column":16},"end":{"line":282,"column":78}}],"line":280},"27":{"loc":{"start":{"line":313,"column":74},"end":{"line":313,"column":102}},"type":"cond-expr","locations":[{"start":{"line":313,"column":86},"end":{"line":313,"column":95}},{"start":{"line":313,"column":98},"end":{"line":313,"column":102}}],"line":313},"28":{"loc":{"start":{"line":315,"column":14},"end":{"line":315,"column":63}},"type":"cond-expr","locations":[{"start":{"line":315,"column":21},"end":{"line":315,"column":41}},{"start":{"line":315,"column":44},"end":{"line":315,"column":63}}],"line":315},"29":{"loc":{"start":{"line":326,"column":74},"end":{"line":326,"column":125}},"type":"cond-expr","locations":[{"start":{"line":326,"column":86},"end":{"line":326,"column":103}},{"start":{"line":326,"column":106},"end":{"line":326,"column":125}}],"line":326}},"s":{"0":0,"1":0,"2":0,"3":0,"4":0,"5":0,"6":0,"7":0,"8":0,"9":0,"10":0,"11":0,"12":0,"13":0,"14":0,"15":0,"16":0,"17":0,"18":0,"19":0,"20":0,"21":0,"22":0,"23":0,"24":0,"25":0,"26":0,"27":0,"28":0,"29":0,"30":0,"31":0,"32":0,"33":0,"34":0,"35":0,"36":0,"37":0,"38":0,"39":0,"40":0,"41":0,"42":0,"43":0,"44":0,"45":0,"46":0,"47":0,"48":0,"49":0,"50":0,"51":0,"52":0,"53":0,"54":0,"55":0,"56":0,"57":0,"58":0,"59":0,"60":0,"61":0,"62":0,"63":0,"64":0,"65":0,"66":0,"67":0,"68":0,"69":0,"70":0,"71":0,"72":0,"73":0,"74":0,"75":0,"76":0,"77":0,"78":0,"79":0,"80":0,"81":0,"82":0,"83":0,"84":0,"85":0,"86":0,"87":0,"88":0,"89":0,"90":0,"91":0,"92":0,"93":0,"94":0,"95":0,"96":0,"97":0,"98":0,"99":0,"100":0,"101":0,"102":0,"103":0,"104":0,"105":0,"106":0,"107":0,"108":0,"109":0,"110":0,"111":0,"112":0,"113":0,"114":0,"115":0,"116":0,"117":0,"118":0,"119":0,"120":0,"121":0,"122":0,"123":0,"124":0,"125":0,"126":0,"127":0,"128":0,"129":0,"130":0,"131":0,"132":0,"133":0,"134":0,"135":0,"136":0,"137":0,"138":0,"139":0,"140":0,"141":0,"142":0,"143":0,"144":0,"145":0,"146":0,"147":0,"148":0,"149":0,"150":0,"151":0,"152":0,"153":0,"154":0,"155":0},"f":{"0":0,"1":0,"2":0,"3":0,"4":0,"5":0,"6":0,"7":0,"8":0,"9":0,"10":0,"11":0,"12":0,"13":0,"14":0,"15":0,"16":0,"17":0,"18":0,"19":0,"20":0,"21":0,"22":0,"23":0,"24":0,"25":0,"26":0,"27":0,"28":0,"29":0,"30":0,"31":0,"32":0,"33":0},"b":{"0":[0,0],"1":[0,0],"2":[0,0],"3":[0,0],"4":[0,0],"5":[0,0],"6":[0,0],"7":[0,0],"8":[0,0],"9":[0,0],"10":[0,0],"11":[0,0],"12":[0,0,0],"13":[0,0],"14":[0,0],"15":[0,0],"16":[0,0],"17":[0,0],"18":[0,0],"19":[0,0],"20":[0,0],"21":[0,0],"22":[0,0],"23":[0,0],"24":[0,0],"25":[0,0],"26":[0,0],"27":[0,0],"28":[0,0],"29":[0,0]}}}}